0 verbose cli /usr/local/bin/node /usr/local/bin/npm
1 info using npm@9.2.0
2 info using node@v18.12.1
3 timing npm:load:whichnode Completed in 0ms
4 timing config:load:defaults Completed in 2ms
5 timing config:load:file:/usr/local/lib/node_modules/npm/npmrc Completed in 16ms
6 timing config:load:builtin Completed in 16ms
7 timing config:load:cli Completed in 2ms
8 timing config:load:env Completed in 0ms
9 timing config:load:project Completed in 9ms
10 timing config:load:file:/home/container/.npmrc Completed in 0ms
11 timing config:load:user Completed in 0ms
12 timing config:load:file:/usr/local/etc/npmrc Completed in 0ms
13 timing config:load:global Completed in 0ms
14 timing config:load:setEnvs Completed in 0ms
15 timing config:load Completed in 30ms
16 timing npm:load:configload Completed in 30ms
17 timing npm:load:mkdirpcache Completed in 1ms
18 timing npm:load:mkdirplogs Completed in 0ms
19 verbose title npm install
20 verbose argv "install"
21 timing npm:load:setTitle Completed in 1ms
22 timing config:load:flatten Completed in 3ms
23 timing npm:load:display Completed in 3ms
24 verbose logfile logs-max:10 dir:/home/container/.npm/_logs/2022-12-17T22_32_57_988Z-
25 verbose logfile /home/container/.npm/_logs/2022-12-17T22_32_57_988Z-debug-0.log
26 timing npm:load:logFile Completed in 5ms
27 timing npm:load:timers Completed in 0ms
28 timing npm:load:configScope Completed in 0ms
29 timing npm:load Completed in 40ms
30 silly logfile done cleaning log files
31 timing config:load:flatten Completed in 1ms
32 timing arborist:ctor Completed in 0ms
33 timing idealTree:init Completed in 720ms
34 timing idealTree:userRequests Completed in 0ms
35 silly idealTree buildDeps
36 timing idealTree:#root Completed in 1ms
37 timing idealTree:buildDeps Completed in 1ms
38 timing idealTree:fixDepFlags Completed in 1ms
39 timing idealTree Completed in 740ms
40 verbose shrinkwrap failed to load node_modules/.package-lock.json out of date, updated: node_modules
41 timing reify:loadTrees Completed in 1576ms
42 timing reify:diffTrees Completed in 19ms
43 silly reify mark retired [
43 silly reify   '/home/container/node_modules/acorn',
43 silly reify   '/home/container/node_modules/.bin/acorn'
43 silly reify ]
44 silly reify mark retired [
44 silly reify   '/home/container/node_modules/acorn-globals/node_modules/acorn',
44 silly reify   '/home/container/node_modules/acorn-globals/node_modules/.bin/acorn'
44 silly reify ]
45 silly reify mark retired [
45 silly reify   '/home/container/node_modules/acorn-node/node_modules/acorn',
45 silly reify   '/home/container/node_modules/acorn-node/node_modules/.bin/acorn'
45 silly reify ]
46 silly reify mark retired [
46 silly reify   '/home/container/node_modules/canvacord',
46 silly reify   '/home/container/node_modules/.bin/canvacord'
46 silly reify ]
47 silly reify mark retired [
47 silly reify   '/home/container/node_modules/cfonts',
47 silly reify   '/home/container/node_modules/.bin/cfonts'
47 silly reify ]
48 silly reify mark retired [
48 silly reify   '/home/container/node_modules/color-support',
48 silly reify   '/home/container/node_modules/.bin/color-support'
48 silly reify ]
49 silly reify mark retired [
49 silly reify   '/home/container/node_modules/cross-spawn/node_modules/which',
49 silly reify   '/home/container/node_modules/cross-spawn/node_modules/.bin/node-which'
49 silly reify ]
50 silly reify mark retired [
50 silly reify   '/home/container/node_modules/dot-json',
50 silly reify   '/home/container/node_modules/.bin/dot-json'
50 silly reify ]
51 silly reify mark retired [
51 silly reify   '/home/container/node_modules/escodegen',
51 silly reify   '/home/container/node_modules/.bin/esgenerate',
51 silly reify   '/home/container/node_modules/.bin/escodegen'
51 silly reify ]
52 silly reify mark retired [
52 silly reify   '/home/container/node_modules/esprima',
52 silly reify   '/home/container/node_modules/.bin/esparse',
52 silly reify   '/home/container/node_modules/.bin/esvalidate'
52 silly reify ]
53 silly reify mark retired [
53 silly reify   '/home/container/node_modules/google-it',
53 silly reify   '/home/container/node_modules/.bin/google-it'
53 silly reify ]
54 silly reify mark retired [
54 silly reify   '/home/container/node_modules/he',
54 silly reify   '/home/container/node_modules/.bin/he'
54 silly reify ]
55 silly reify mark retired [
55 silly reify   '/home/container/node_modules/html-to-text',
55 silly reify   '/home/container/node_modules/.bin/html-to-text'
55 silly reify ]
56 silly reify mark retired [
56 silly reify   '/home/container/node_modules/image-size',
56 silly reify   '/home/container/node_modules/.bin/image-size'
56 silly reify ]
57 silly reify mark retired [
57 silly reify   '/home/container/node_modules/levenshtein-edit-distance',
57 silly reify   '/home/container/node_modules/.bin/levenshtein-edit-distance'
57 silly reify ]
58 silly reify mark retired [
58 silly reify   '/home/container/node_modules/libsignal/node_modules/protobufjs',
58 silly reify   '/home/container/node_modules/libsignal/node_modules/.bin/pbjs',
58 silly reify   '/home/container/node_modules/libsignal/node_modules/.bin/pbts'
58 silly reify ]
59 silly reify mark retired [
59 silly reify   '/home/container/node_modules/lyrics-finder',
59 silly reify   '/home/container/node_modules/.bin/lyrics-finder'
59 silly reify ]
60 silly reify mark retired [
60 silly reify   '/home/container/node_modules/make-dir/node_modules/semver',
60 silly reify   '/home/container/node_modules/make-dir/node_modules/.bin/semver'
60 silly reify ]
61 silly reify mark retired [
61 silly reify   '/home/container/node_modules/mime',
61 silly reify   '/home/container/node_modules/.bin/mime'
61 silly reify ]
62 silly reify mark retired [
62 silly reify   '/home/container/node_modules/mkdirp',
62 silly reify   '/home/container/node_modules/.bin/mkdirp'
62 silly reify ]
63 silly reify mark retired [
63 silly reify   '/home/container/node_modules/node-fzf',
63 silly reify   '/home/container/node_modules/.bin/nfzf'
63 silly reify ]
64 silly reify mark retired [
64 silly reify   '/home/container/node_modules/node-gtts',
64 silly reify   '/home/container/node_modules/.bin/node-gtts'
64 silly reify ]
65 silly reify mark retired [
65 silly reify   '/home/container/node_modules/node-gyp-build',
65 silly reify   '/home/container/node_modules/.bin/node-gyp-build',
65 silly reify   '/home/container/node_modules/.bin/node-gyp-build-optional',
65 silly reify   '/home/container/node_modules/.bin/node-gyp-build-test'
65 silly reify ]
66 silly reify mark retired [
66 silly reify   '/home/container/node_modules/nopt',
66 silly reify   '/home/container/node_modules/.bin/nopt'
66 silly reify ]
67 silly reify mark retired [
67 silly reify   '/home/container/node_modules/pino',
67 silly reify   '/home/container/node_modules/.bin/pino'
67 silly reify ]
68 silly reify mark retired [
68 silly reify   '/home/container/node_modules/pino-pretty',
68 silly reify   '/home/container/node_modules/.bin/pino-pretty'
68 silly reify ]
69 silly reify mark retired [
69 silly reify   '/home/container/node_modules/pixelmatch',
69 silly reify   '/home/container/node_modules/.bin/pixelmatch'
69 silly reify ]
70 silly reify mark retired [
70 silly reify   '/home/container/node_modules/prebuild-install',
70 silly reify   '/home/container/node_modules/.bin/prebuild-install'
70 silly reify ]
71 silly reify mark retired [
71 silly reify   '/home/container/node_modules/protobufjs',
71 silly reify   '/home/container/node_modules/.bin/pbjs',
71 silly reify   '/home/container/node_modules/.bin/pbts'
71 silly reify ]
72 silly reify mark retired [
72 silly reify   '/home/container/node_modules/qrcode',
72 silly reify   '/home/container/node_modules/.bin/qrcode'
72 silly reify ]
73 silly reify mark retired [
73 silly reify   '/home/container/node_modules/qrcode-terminal',
73 silly reify   '/home/container/node_modules/.bin/qrcode-terminal'
73 silly reify ]
74 silly reify mark retired [
74 silly reify   '/home/container/node_modules/rc',
74 silly reify   '/home/container/node_modules/.bin/rc'
74 silly reify ]
75 silly reify mark retired [
75 silly reify   '/home/container/node_modules/rimraf',
75 silly reify   '/home/container/node_modules/.bin/rimraf'
75 silly reify ]
76 silly reify mark retired [
76 silly reify   '/home/container/node_modules/semver',
76 silly reify   '/home/container/node_modules/.bin/semver'
76 silly reify ]
77 silly reify mark retired [
77 silly reify   '/home/container/node_modules/similarity',
77 silly reify   '/home/container/node_modules/.bin/similarity'
77 silly reify ]
78 silly reify mark retired [
78 silly reify   '/home/container/node_modules/superagent/node_modules/mime',
78 silly reify   '/home/container/node_modules/superagent/node_modules/.bin/mime'
78 silly reify ]
79 silly reify mark retired [
79 silly reify   '/home/container/node_modules/tar/node_modules/mkdirp',
79 silly reify   '/home/container/node_modules/tar/node_modules/.bin/mkdirp'
79 silly reify ]
80 silly reify mark retired [
80 silly reify   '/home/container/node_modules/tlds',
80 silly reify   '/home/container/node_modules/.bin/tlds'
80 silly reify ]
81 silly reify mark retired [
81 silly reify   '/home/container/node_modules/uuid',
81 silly reify   '/home/container/node_modules/.bin/uuid'
81 silly reify ]
82 silly reify mark retired [
82 silly reify   '/home/container/node_modules/which',
82 silly reify   '/home/container/node_modules/.bin/which'
82 silly reify ]
83 silly reify mark retired [
83 silly reify   '/home/container/node_modules/window-size',
83 silly reify   '/home/container/node_modules/.bin/window-size'
83 silly reify ]
84 silly reify mark retired [
84 silly reify   '/home/container/node_modules/yt-search',
84 silly reify   '/home/container/node_modules/.bin/yt-search',
84 silly reify   '/home/container/node_modules/.bin/yt-search-video',
84 silly reify   '/home/container/node_modules/.bin/yt-search-audio'
84 silly reify ]
85 silly reify mark retired [
85 silly reify   '/home/container/node_modules/@mapbox/node-pre-gyp',
85 silly reify   '/home/container/node_modules/.bin/node-pre-gyp'
85 silly reify ]
86 silly reify mark retired [
86 silly reify   '/home/container/node_modules/sshpk',
86 silly reify   '/home/container/node_modules/.bin/sshpk-conv',
86 silly reify   '/home/container/node_modules/.bin/sshpk-sign',
86 silly reify   '/home/container/node_modules/.bin/sshpk-verify'
86 silly reify ]
87 silly reify moves {
87 silly reify   '/home/container/node_modules/acorn': '/home/container/node_modules/.acorn-2AtqRIPU',
87 silly reify   '/home/container/node_modules/.bin/acorn': '/home/container/node_modules/.bin/.acorn-LuH4a0XZ',
87 silly reify   '/home/container/node_modules/acorn-globals/node_modules/acorn': '/home/container/node_modules/acorn-globals/node_modules/.acorn-igOfmnxh',
87 silly reify   '/home/container/node_modules/acorn-globals/node_modules/.bin/acorn': '/home/container/node_modules/acorn-globals/node_modules/.bin/.acorn-fApFm1Ey',
87 silly reify   '/home/container/node_modules/acorn-node/node_modules/acorn': '/home/container/node_modules/acorn-node/node_modules/.acorn-ACW5gnvM',
87 silly reify   '/home/container/node_modules/acorn-node/node_modules/.bin/acorn': '/home/container/node_modules/acorn-node/node_modules/.bin/.acorn-ePTQ0B9B',
87 silly reify   '/home/container/node_modules/canvacord': '/home/container/node_modules/.canvacord-Rm7FmY4J',
87 silly reify   '/home/container/node_modules/.bin/canvacord': '/home/container/node_modules/.bin/.canvacord-UvPTG4lY',
87 silly reify   '/home/container/node_modules/cfonts': '/home/container/node_modules/.cfonts-QgmKoJ7a',
87 silly reify   '/home/container/node_modules/.bin/cfonts': '/home/container/node_modules/.bin/.cfonts-BoY2HhAx',
87 silly reify   '/home/container/node_modules/color-support': '/home/container/node_modules/.color-support-5ac2lo4P',
87 silly reify   '/home/container/node_modules/.bin/color-support': '/home/container/node_modules/.bin/.color-support-ZjgMNEO4',
87 silly reify   '/home/container/node_modules/cross-spawn/node_modules/which': '/home/container/node_modules/cross-spawn/node_modules/.which-4AdZSkjN',
87 silly reify   '/home/container/node_modules/cross-spawn/node_modules/.bin/node-which': '/home/container/node_modules/cross-spawn/node_modules/.bin/.node-which-1pyJUZsX',
87 silly reify   '/home/container/node_modules/dot-json': '/home/container/node_modules/.dot-json-XEtV8F1i',
87 silly reify   '/home/container/node_modules/.bin/dot-json': '/home/container/node_modules/.bin/.dot-json-hc5o6a4u',
87 silly reify   '/home/container/node_modules/escodegen': '/home/container/node_modules/.escodegen-0Q6hQOIs',
87 silly reify   '/home/container/node_modules/.bin/esgenerate': '/home/container/node_modules/.bin/.esgenerate-25ORikhX',
87 silly reify   '/home/container/node_modules/.bin/escodegen': '/home/container/node_modules/.bin/.escodegen-jCJWJ3dw',
87 silly reify   '/home/container/node_modules/esprima': '/home/container/node_modules/.esprima-2SDJxbBg',
87 silly reify   '/home/container/node_modules/.bin/esparse': '/home/container/node_modules/.bin/.esparse-ARROAjjJ',
87 silly reify   '/home/container/node_modules/.bin/esvalidate': '/home/container/node_modules/.bin/.esvalidate-LIK8IsYg',
87 silly reify   '/home/container/node_modules/google-it': '/home/container/node_modules/.google-it-KqYHzT11',
87 silly reify   '/home/container/node_modules/.bin/google-it': '/home/container/node_modules/.bin/.google-it-adVO1PM0',
87 silly reify   '/home/container/node_modules/he': '/home/container/node_modules/.he-qJpE43je',
87 silly reify   '/home/container/node_modules/.bin/he': '/home/container/node_modules/.bin/.he-JQhKwLOu',
87 silly reify   '/home/container/node_modules/html-to-text': '/home/container/node_modules/.html-to-text-OceBFvs7',
87 silly reify   '/home/container/node_modules/.bin/html-to-text': '/home/container/node_modules/.bin/.html-to-text-8fVtPQJY',
87 silly reify   '/home/container/node_modules/image-size': '/home/container/node_modules/.image-size-pn174QpY',
87 silly reify   '/home/container/node_modules/.bin/image-size': '/home/container/node_modules/.bin/.image-size-cSX2Vfru',
87 silly reify   '/home/container/node_modules/levenshtein-edit-distance': '/home/container/node_modules/.levenshtein-edit-distance-XXna7B5G',
87 silly reify   '/home/container/node_modules/.bin/levenshtein-edit-distance': '/home/container/node_modules/.bin/.levenshtein-edit-distance-Fqcnv5rc',
87 silly reify   '/home/container/node_modules/libsignal/node_modules/protobufjs': '/home/container/node_modules/libsignal/node_modules/.protobufjs-UwY29Ylv',
87 silly reify   '/home/container/node_modules/libsignal/node_modules/.bin/pbjs': '/home/container/node_modules/libsignal/node_modules/.bin/.pbjs-qrT7VNGE',
87 silly reify   '/home/container/node_modules/libsignal/node_modules/.bin/pbts': '/home/container/node_modules/libsignal/node_modules/.bin/.pbts-xmVUrAk8',
87 silly reify   '/home/container/node_modules/lyrics-finder': '/home/container/node_modules/.lyrics-finder-yHPrrVuR',
87 silly reify   '/home/container/node_modules/.bin/lyrics-finder': '/home/container/node_modules/.bin/.lyrics-finder-5Lxwh0ba',
87 silly reify   '/home/container/node_modules/make-dir/node_modules/semver': '/home/container/node_modules/make-dir/node_modules/.semver-tqsOINOO',
87 silly reify   '/home/container/node_modules/make-dir/node_modules/.bin/semver': '/home/container/node_modules/make-dir/node_modules/.bin/.semver-QeScplJu',
87 silly reify   '/home/container/node_modules/mime': '/home/container/node_modules/.mime-OqpHjQqc',
87 silly reify   '/home/container/node_modules/.bin/mime': '/home/container/node_modules/.bin/.mime-eoW5cL08',
87 silly reify   '/home/container/node_modules/mkdirp': '/home/container/node_modules/.mkdirp-xuUfkeqX',
87 silly reify   '/home/container/node_modules/.bin/mkdirp': '/home/container/node_modules/.bin/.mkdirp-b95gaefK',
87 silly reify   '/home/container/node_modules/node-fzf': '/home/container/node_modules/.node-fzf-gRPFblFK',
87 silly reify   '/home/container/node_modules/.bin/nfzf': '/home/container/node_modules/.bin/.nfzf-z1MKHUIE',
87 silly reify   '/home/container/node_modules/node-gtts': '/home/container/node_modules/.node-gtts-YIo4lDDp',
87 silly reify   '/home/container/node_modules/.bin/node-gtts': '/home/container/node_modules/.bin/.node-gtts-yyxnCzT0',
87 silly reify   '/home/container/node_modules/node-gyp-build': '/home/container/node_modules/.node-gyp-build-KpjzfxsN',
87 silly reify   '/home/container/node_modules/.bin/node-gyp-build': '/home/container/node_modules/.bin/.node-gyp-build-w0yexqY9',
87 silly reify   '/home/container/node_modules/.bin/node-gyp-build-optional': '/home/container/node_modules/.bin/.node-gyp-build-optional-qOuNpizP',
87 silly reify   '/home/container/node_modules/.bin/node-gyp-build-test': '/home/container/node_modules/.bin/.node-gyp-build-test-XOSJe86j',
87 silly reify   '/home/container/node_modules/nopt': '/home/container/node_modules/.nopt-IWywp9kP',
87 silly reify   '/home/container/node_modules/.bin/nopt': '/home/container/node_modules/.bin/.nopt-PFHIzoR7',
87 silly reify   '/home/container/node_modules/pino': '/home/container/node_modules/.pino-W4hvP06Q',
87 silly reify   '/home/container/node_modules/.bin/pino': '/home/container/node_modules/.bin/.pino-XdK6afH4',
87 silly reify   '/home/container/node_modules/pino-pretty': '/home/container/node_modules/.pino-pretty-0J7cDBSz',
87 silly reify   '/home/container/node_modules/.bin/pino-pretty': '/home/container/node_modules/.bin/.pino-pretty-Pqsii8h9',
87 silly reify   '/home/container/node_modules/pixelmatch': '/home/container/node_modules/.pixelmatch-CDVOOmg0',
87 silly reify   '/home/container/node_modules/.bin/pixelmatch': '/home/container/node_modules/.bin/.pixelmatch-9hk98AgW',
87 silly reify   '/home/container/node_modules/prebuild-install': '/home/container/node_modules/.prebuild-install-pSF4xhYg',
87 silly reify   '/home/container/node_modules/.bin/prebuild-install': '/home/container/node_modules/.bin/.prebuild-install-EWJATqHo',
87 silly reify   '/home/container/node_modules/protobufjs': '/home/container/node_modules/.protobufjs-a46ldCGB',
87 silly reify   '/home/container/node_modules/.bin/pbjs': '/home/container/node_modules/.bin/.pbjs-NzJRM0ey',
87 silly reify   '/home/container/node_modules/.bin/pbts': '/home/container/node_modules/.bin/.pbts-ycRLgpmv',
87 silly reify   '/home/container/node_modules/qrcode': '/home/container/node_modules/.qrcode-1mCmfTHy',
87 silly reify   '/home/container/node_modules/.bin/qrcode': '/home/container/node_modules/.bin/.qrcode-teBEV8nx',
87 silly reify   '/home/container/node_modules/qrcode-terminal': '/home/container/node_modules/.qrcode-terminal-53hvKJrm',
87 silly reify   '/home/container/node_modules/.bin/qrcode-terminal': '/home/container/node_modules/.bin/.qrcode-terminal-78EnKQFw',
87 silly reify   '/home/container/node_modules/rc': '/home/container/node_modules/.rc-FiBbgigo',
87 silly reify   '/home/container/node_modules/.bin/rc': '/home/container/node_modules/.bin/.rc-I4Fmd0q9',
87 silly reify   '/home/container/node_modules/rimraf': '/home/container/node_modules/.rimraf-1HSCxFRz',
87 silly reify   '/home/container/node_modules/.bin/rimraf': '/home/container/node_modules/.bin/.rimraf-jPGCiEH2',
87 silly reify   '/home/container/node_modules/semver': '/home/container/node_modules/.semver-clkkOKMn',
87 silly reify   '/home/container/node_modules/.bin/semver': '/home/container/node_modules/.bin/.semver-6FrAJfdb',
87 silly reify   '/home/container/node_modules/similarity': '/home/container/node_modules/.similarity-oD73Knx6',
87 silly reify   '/home/container/node_modules/.bin/similarity': '/home/container/node_modules/.bin/.similarity-Md8WY29Z',
87 silly reify   '/home/container/node_modules/superagent/node_modules/mime': '/home/container/node_modules/superagent/node_modules/.mime-rnBwELjl',
87 silly reify   '/home/container/node_modules/superagent/node_modules/.bin/mime': '/home/container/node_modules/superagent/node_modules/.bin/.mime-mqapNonO',
87 silly reify   '/home/container/node_modules/tar/node_modules/mkdirp': '/home/container/node_modules/tar/node_modules/.mkdirp-jetjuA4z',
87 silly reify   '/home/container/node_modules/tar/node_modules/.bin/mkdirp': '/home/container/node_modules/tar/node_modules/.bin/.mkdirp-VBwPLqMS',
87 silly reify   '/home/container/node_modules/tlds': '/home/container/node_modules/.tlds-4leVDrnR',
87 silly reify   '/home/container/node_modules/.bin/tlds': '/home/container/node_modules/.bin/.tlds-lUNW7QVD',
87 silly reify   '/home/container/node_modules/uuid': '/home/container/node_modules/.uuid-bJQR8Pxz',
87 silly reify   '/home/container/node_modules/.bin/uuid': '/home/container/node_modules/.bin/.uuid-GjpJUL4x',
87 silly reify   '/home/container/node_modules/which': '/home/container/node_modules/.which-a0RAFcK4',
87 silly reify   '/home/container/node_modules/.bin/which': '/home/container/node_modules/.bin/.which-tv7QeygD',
87 silly reify   '/home/container/node_modules/window-size': '/home/container/node_modules/.window-size-VGz9cMIq',
87 silly reify   '/home/container/node_modules/.bin/window-size': '/home/container/node_modules/.bin/.window-size-nIaxZ9XL',
87 silly reify   '/home/container/node_modules/yt-search': '/home/container/node_modules/.yt-search-LnpfLjVi',
87 silly reify   '/home/container/node_modules/.bin/yt-search': '/home/container/node_modules/.bin/.yt-search-dN3xEoA0',
87 silly reify   '/home/container/node_modules/.bin/yt-search-video': '/home/container/node_modules/.bin/.yt-search-video-OTW1cusV',
87 silly reify   '/home/container/node_modules/.bin/yt-search-audio': '/home/container/node_modules/.bin/.yt-search-audio-xNsoPzsE',
87 silly reify   '/home/container/node_modules/@mapbox/node-pre-gyp': '/home/container/node_modules/@mapbox/.node-pre-gyp-J7d3cN21',
87 silly reify   '/home/container/node_modules/.bin/node-pre-gyp': '/home/container/node_modules/.bin/.node-pre-gyp-kQ3Tu57Z',
87 silly reify   '/home/container/node_modules/sshpk': '/home/container/node_modules/.sshpk-pbW7LSLy',
87 silly reify   '/home/container/node_modules/.bin/sshpk-conv': '/home/container/node_modules/.bin/.sshpk-conv-pZmWOdYB',
87 silly reify   '/home/container/node_modules/.bin/sshpk-sign': '/home/container/node_modules/.bin/.sshpk-sign-dkWzsPot',
87 silly reify   '/home/container/node_modules/.bin/sshpk-verify': '/home/container/node_modules/.bin/.sshpk-verify-RLjELPn5'
87 silly reify }
88 timing reify:retireShallow Completed in 24ms
89 timing reify:createSparse Completed in 4ms
90 timing reify:loadBundles Completed in 0ms
91 silly audit bulk request {
91 silly audit   '@adiwajshing/baileys': [ '4.4.0' ],
91 silly audit   '@assemblyscript/loader': [ '0.10.1' ],
91 silly audit   '@babel/runtime': [ '7.18.9' ],
91 silly audit   '@bochilteam/scraper': [ '3.0.0' ],
91 silly audit   '@hapi/boom': [ '9.1.4' ],
91 silly audit   '@hapi/hoek': [ '9.3.0' ],
91 silly audit   '@jimp/bmp': [ '0.16.1', '0.14.0' ],
91 silly audit   '@jimp/core': [ '0.16.1', '0.14.0' ],
91 silly audit   'file-type': [ '9.0.0', '17.1.4', '16.5.4' ],
91 silly audit   '@jimp/custom': [ '0.16.1', '0.14.0' ],
91 silly audit   '@jimp/gif': [ '0.16.1', '0.14.0' ],
91 silly audit   '@jimp/jpeg': [ '0.16.1', '0.14.0' ],
91 silly audit   '@jimp/plugin-blit': [ '0.16.1', '0.14.0' ],
91 silly audit   '@jimp/plugin-blur': [ '0.16.1', '0.14.0' ],
91 silly audit   '@jimp/plugin-circle': [ '0.16.1', '0.14.0' ],
91 silly audit   '@jimp/plugin-color': [ '0.16.1', '0.14.0' ],
91 silly audit   '@jimp/plugin-contain': [ '0.16.1', '0.14.0' ],
91 silly audit   '@jimp/plugin-cover': [ '0.16.1', '0.14.0' ],
91 silly audit   '@jimp/plugin-crop': [ '0.16.1', '0.14.0' ],
91 silly audit   '@jimp/plugin-displace': [ '0.16.1', '0.14.0' ],
91 silly audit   '@jimp/plugin-dither': [ '0.16.1', '0.14.0' ],
91 silly audit   '@jimp/plugin-fisheye': [ '0.16.1', '0.14.0' ],
91 silly audit   '@jimp/plugin-flip': [ '0.16.1', '0.14.0' ],
91 silly audit   '@jimp/plugin-gaussian': [ '0.16.1', '0.14.0' ],
91 silly audit   '@jimp/plugin-invert': [ '0.16.1', '0.14.0' ],
91 silly audit   '@jimp/plugin-mask': [ '0.16.1', '0.14.0' ],
91 silly audit   '@jimp/plugin-normalize': [ '0.16.1', '0.14.0' ],
91 silly audit   '@jimp/plugin-print': [ '0.16.1', '0.14.0' ],
91 silly audit   '@jimp/plugin-resize': [ '0.16.1', '0.14.0' ],
91 silly audit   '@jimp/plugin-rotate': [ '0.16.1', '0.14.0' ],
91 silly audit   '@jimp/plugin-scale': [ '0.16.1', '0.14.0' ],
91 silly audit   '@jimp/plugin-shadow': [ '0.16.1', '0.14.0' ],
91 silly audit   '@jimp/plugin-threshold': [ '0.16.1', '0.14.0' ],
91 silly audit   '@jimp/plugins': [ '0.16.1', '0.14.0' ],
91 silly audit   '@jimp/png': [ '0.16.1', '0.14.0' ],
91 silly audit   '@jimp/tiff': [ '0.16.1', '0.14.0' ],
91 silly audit   '@jimp/types': [ '0.16.1', '0.14.0' ],
91 silly audit   '@jimp/utils': [ '0.16.1', '0.14.0' ],
91 silly audit   '@mapbox/node-pre-gyp': [ '1.0.9' ],
91 silly audit   'node-fetch': [ '2.6.7', '3.2.10' ],
91 silly audit   tr46: [ '0.0.3', '2.1.0', '3.0.0' ],
91 silly audit   'webidl-conversions': [ '3.0.1', '5.0.0', '6.1.0', '7.0.0' ],
91 silly audit   'whatwg-url': [ '5.0.0', '11.0.0', '9.1.0', '10.0.0' ],
91 silly audit   '@napi-rs/canvas': [ '0.1.25' ],
91 silly audit   '@napi-rs/canvas-android-arm64': [ '0.1.25' ],
91 silly audit   '@napi-rs/canvas-darwin-arm64': [ '0.1.25' ],
91 silly audit   '@napi-rs/canvas-darwin-x64': [ '0.1.25' ],
91 silly audit   '@napi-rs/canvas-linux-arm-gnueabihf': [ '0.1.25' ],
91 silly audit   '@napi-rs/canvas-linux-arm64-gnu': [ '0.1.25' ],
91 silly audit   '@napi-rs/canvas-linux-arm64-musl': [ '0.1.25' ],
91 silly audit   '@napi-rs/canvas-linux-x64-gnu': [ '0.1.25' ],
91 silly audit   '@napi-rs/canvas-linux-x64-musl': [ '0.1.25' ],
91 silly audit   '@napi-rs/canvas-win32-x64-msvc': [ '0.1.25' ],
91 silly audit   '@protobufjs/aspromise': [ '1.1.2' ],
91 silly audit   '@protobufjs/base64': [ '1.1.2' ],
91 silly audit   '@protobufjs/codegen': [ '2.0.4' ],
91 silly audit   '@protobufjs/eventemitter': [ '1.1.0' ],
91 silly audit   '@protobufjs/fetch': [ '1.1.0' ],
91 silly audit   '@protobufjs/float': [ '1.0.2' ],
91 silly audit   '@protobufjs/inquire': [ '1.1.0' ],
91 silly audit   '@protobufjs/path': [ '1.1.2' ],
91 silly audit   '@protobufjs/pool': [ '1.1.0' ],
91 silly audit   '@protobufjs/utf8': [ '1.1.0' ],
91 silly audit   '@sindresorhus/is': [ '4.6.0' ],
91 silly audit   '@skyra/gifenc': [ '1.0.0' ],
91 silly audit   '@szmarczak/http-timer': [ '4.0.6' ],
91 silly audit   '@tokenizer/token': [ '0.3.0' ],
91 silly audit   '@tootallnate/once': [ '2.0.0', '1.1.2' ],
91 silly audit   '@types/cacheable-request': [ '6.0.2' ],
91 silly audit   '@types/component-emitter': [ '1.2.11' ],
91 silly audit   '@types/cookie': [ '0.4.1' ],
91 silly audit   '@types/cors': [ '2.8.12' ],
91 silly audit   '@types/http-cache-semantics': [ '4.0.1' ],
91 silly audit   '@types/json-buffer': [ '3.0.0' ],
91 silly audit   '@types/keyv': [ '3.1.4' ],
91 silly audit   '@types/long': [ '4.0.2' ],
91 silly audit   '@types/node': [ '18.6.3', '16.9.1', '10.17.60' ],
91 silly audit   '@types/responselike': [ '1.0.0' ],
91 silly audit   '@types/webidl-conversions': [ '6.1.1' ],
91 silly audit   '@types/whatwg-url': [ '8.2.2' ],
91 silly audit   abab: [ '2.0.6' ],
91 silly audit   abbrev: [ '1.1.1' ],
91 silly audit   'abort-controller': [ '3.0.0' ],
91 silly audit   accepts: [ '1.3.8' ],
91 silly audit   acorn: [ '8.8.0', '7.4.1' ],
91 silly audit   'acorn-globals': [ '6.0.0' ],
91 silly audit   'acorn-node': [ '1.8.2' ],
91 silly audit   'acorn-walk': [ '7.2.0' ],
91 silly audit   'agent-base': [ '6.0.2' ],
91 silly audit   debug: [ '4.3.4', '2.6.9' ],
91 silly audit   ms: [ '2.1.2', '2.1.3', '2.0.0' ],
91 silly audit   ajv: [ '6.12.6' ],
91 silly audit   'ansi-escapes': [ '4.3.2', '5.0.0' ],
91 silly audit   'ansi-regex': [ '5.0.1', '2.1.1', '3.0.1' ],
91 silly audit   'ansi-styles': [ '4.3.0', '3.2.1' ],
91 silly audit   'any-base': [ '1.1.0' ],
91 silly audit   'app-path': [ '4.0.0' ],
91 silly audit   aproba: [ '2.0.0' ],
91 silly audit   'are-we-there-yet': [ '2.0.0' ],
91 silly audit   'readable-stream': [ '3.6.0', '2.3.7' ],
91 silly audit   args: [ '5.0.3' ],
91 silly audit   chalk: [ '2.4.2', '4.1.2', '5.0.1', '3.0.0' ],
91 silly audit   'color-convert': [ '1.9.3', '2.0.1' ],
91 silly audit   'color-name': [ '1.1.3', '1.1.4' ],
91 silly audit   'array-back': [ '3.1.0' ],
91 silly audit   'array-flatten': [ '1.1.1' ],
91 silly audit   'array-range': [ '1.0.1' ],
91 silly audit   asn1: [ '0.2.6' ],
91 silly audit   'assert-plus': [ '1.0.0' ],
91 silly audit   'astral-regex': [ '2.0.0' ],
91 silly audit   async: [ '3.2.4', '2.6.4' ],
91 silly audit   'async.parallellimit': [ '0.5.2' ],
91 silly audit   'async.util.eachoflimit': [ '0.5.2' ],
91 silly audit   'async.util.isarray': [ '0.5.2' ],
91 silly audit   'async.util.isarraylike': [ '0.5.2' ],
91 silly audit   'async.util.keyiterator': [ '0.5.2' ],
91 silly audit   'async.util.keys': [ '0.5.2' ],
91 silly audit   'async.util.noop': [ '0.5.2' ],
91 silly audit   'async.util.once': [ '0.5.2' ],
91 silly audit   'async.util.onlyonce': [ '0.5.2' ],
91 silly audit   'async.util.parallel': [ '0.5.2' ],
91 silly audit   'async.util.restparam': [ '0.5.2' ],
91 silly audit   asynckit: [ '0.4.0' ],
91 silly audit   'atomic-sleep': [ '1.0.0' ],
91 silly audit   'awesome-phonenumber': [ '2.73.0' ],
91 silly audit   'aws-sign2': [ '0.7.0' ],
91 silly audit   aws4: [ '1.11.0' ],
91 silly audit   axios: [ '0.24.0', '0.21.4' ],
91 silly audit   'balanced-match': [ '1.0.2' ],
91 silly audit   'base64-js': [ '1.5.1' ],
91 silly audit   base64id: [ '2.0.0' ],
91 silly audit   'bcrypt-pbkdf': [ '1.0.2' ],
91 silly audit   bl: [ '4.1.0' ],
91 silly audit   'bmp-js': [ '0.1.0' ],
91 silly audit   'body-parser': [ '1.20.0' ],
91 silly audit   qs: [ '6.10.3', '6.11.0', '6.5.3' ],
91 silly audit   boolbase: [ '1.0.0' ],
91 silly audit   boolstring: [ '1.0.2' ],
91 silly audit   'brace-expansion': [ '1.1.11' ],
91 silly audit   'brainly-scraper-v2': [ '2.0.13' ],
91 silly audit   'browser-process-hrtime': [ '1.0.0' ],
91 silly audit   bson: [ '4.6.5' ],
91 silly audit   buffer: [ '5.7.1' ],
91 silly audit   'buffer-equal': [ '0.0.1' ],
91 silly audit   bytes: [ '3.1.2' ],
91 silly audit   'cacheable-lookup': [ '5.0.4' ],
91 silly audit   'cacheable-request': [ '7.0.2' ],
91 silly audit   'call-bind': [ '1.0.2' ],
91 silly audit   camelcase: [ '5.0.0' ],
91 silly audit   canvacord: [ '5.4.3' ],
91 silly audit   canvas: [ '2.9.3' ],
91 silly audit   caseless: [ '0.12.0' ],
91 silly audit   cfonts: [ '2.10.1' ],
91 silly audit   'has-flag': [ '4.0.0', '3.0.0' ],
91 silly audit   'supports-color': [ '7.2.0', '5.5.0' ],
91 silly audit   cheerio: [ '1.0.0-rc.12', '1.0.0-rc.11' ],
91 silly audit   'cheerio-select': [ '2.1.0' ],
91 silly audit   chownr: [ '2.0.0', '1.1.4' ],
91 silly audit   'cli-color': [ '1.2.0' ],
91 silly audit   'cli-cursor': [ '3.1.0' ],
91 silly audit   'cli-spinners': [ '2.7.0' ],
91 silly audit   cliui: [ '7.0.4', '6.0.0' ],
91 silly audit   'wrap-ansi': [ '7.0.0', '6.2.0' ],
91 silly audit   clone: [ '2.1.2', '1.0.4' ],
91 silly audit   'clone-response': [ '1.0.3' ],
91 silly audit   color: [ '4.2.3' ],
91 silly audit   'color-string': [ '1.9.1' ],
91 silly audit   'color-support': [ '1.1.3' ],
91 silly audit   colorette: [ '2.0.19' ],
91 silly audit   colors: [ '1.4.0' ],
91 silly audit   'combined-stream': [ '1.0.8' ],
91 silly audit   'command-line-args': [ '5.2.1' ],
91 silly audit   'component-emitter': [ '1.3.0' ],
91 silly audit   'compress-brotli': [ '1.3.8' ],
91 silly audit   'concat-map': [ '0.0.1' ],
91 silly audit   configstore: [ '6.0.0' ],
91 silly audit   'console-control-strings': [ '1.1.0' ],
91 silly audit   'content-disposition': [ '0.5.4' ],
91 silly audit   'content-type': [ '1.0.4' ],
91 silly audit   cookie: [ '0.5.0', '0.4.2' ],
91 silly audit   'cookie-signature': [ '1.0.6' ],
91 silly audit   cookiejar: [ '2.1.3' ],
91 silly audit   'core-util-is': [ '1.0.3', '1.0.2' ],
91 silly audit   cors: [ '2.8.5' ],
91 silly audit   'cross-fetch': [ '3.1.5' ],
91 silly audit   'cross-spawn': [ '7.0.3' ],
91 silly audit   which: [ '2.0.2', '1.3.1' ],
91 silly audit   crypto: [ '1.0.1' ],
91 silly audit   'crypto-random-string': [ '4.0.0' ],
91 silly audit   'type-fest': [ '1.4.0', '0.21.3' ],
91 silly audit   'css-select': [ '5.1.0' ],
91 silly audit   'css-what': [ '6.1.0' ],
91 silly audit   cssom: [ '0.5.0', '0.3.8' ],
91 silly audit   cssstyle: [ '2.3.0' ],
91 silly audit   'curve25519-js': [ '0.0.4' ],
91 silly audit   cycled: [ '1.2.0' ],
91 silly audit   d: [ '1.0.1' ],
91 silly audit   dashdash: [ '1.14.1' ],
91 silly audit   dasu: [ '0.4.3' ],
91 silly audit   'data-uri-to-buffer': [ '4.0.0' ],
91 silly audit   'data-urls': [ '3.0.2' ],
91 silly audit   dateformat: [ '4.6.3' ],
91 silly audit   decamelize: [ '1.2.0' ],
91 silly audit   'decimal.js': [ '10.3.1' ],
91 silly audit   'decode-gif': [ '1.0.1' ],
91 silly audit   'decompress-response': [ '6.0.0', '4.2.1' ],
91 silly audit   'mimic-response': [ '3.1.0', '1.0.1', '2.1.0' ],
91 silly audit   'deep-extend': [ '0.6.0' ],
91 silly audit   'deep-is': [ '0.1.4' ],
91 silly audit   defaults: [ '1.0.3' ],
91 silly audit   'defer-to-connect': [ '2.0.1' ],
91 silly audit   'define-property': [ '1.0.0' ],
91 silly audit   delay: [ '4.4.1' ],
91 silly audit   'delayed-stream': [ '1.0.0' ],
91 silly audit   delegates: [ '1.0.0' ],
91 silly audit   denque: [ '2.1.0' ],
91 silly audit   depd: [ '2.0.0' ],
91 silly audit   destroy: [ '1.2.0' ],
91 silly audit   'detect-indent': [ '6.0.0' ],
91 silly audit   'detect-libc': [ '2.0.1' ],
91 silly audit   dijkstrajs: [ '1.0.2' ],
91 silly audit   docopt: [ '0.6.2' ],
91 silly audit   'dom-serializer': [ '2.0.0', '0.2.2' ],
91 silly audit   'dom-walk': [ '0.1.2' ],
91 silly audit   domelementtype: [ '2.3.0', '1.3.1' ],
91 silly audit   domexception: [ '4.0.0', '2.0.1' ],
91 silly audit   domhandler: [ '5.0.3', '2.4.2' ],
91 silly audit   domutils: [ '3.0.1', '1.7.0' ],
91 silly audit   'dot-json': [ '1.2.2' ],
91 silly audit   'dot-prop': [ '6.0.1' ],
91 silly audit   duplexify: [ '4.1.2' ],
91 silly audit   'ecc-jsbn': [ '0.1.2' ],
91 silly audit   'ee-first': [ '1.1.1' ],
91 silly audit   'emoji-api': [ '2.0.1' ],
91 silly audit   'html-encoding-sniffer': [ '2.0.1', '3.0.0' ],
91 silly audit   'http-proxy-agent': [ '4.0.1', '5.0.0' ],
91 silly audit   jsdom: [ '17.0.0', '19.0.0' ],
91 silly audit   parse5: [ '6.0.1', '7.0.0' ],
91 silly audit   'w3c-xmlserializer': [ '2.0.0', '3.0.0' ],
91 silly audit   'whatwg-encoding': [ '1.0.5', '2.0.0' ],
91 silly audit   'whatwg-mimetype': [ '2.3.0', '3.0.0' ],
91 silly audit   'xml-name-validator': [ '3.0.0', '4.0.0' ],
91 silly audit   'emoji-regex': [ '8.0.0' ],
91 silly audit   'encode-utf8': [ '1.0.3' ],
91 silly audit   encodeurl: [ '1.0.2' ],
91 silly audit   encoding: [ '0.1.13' ],
91 silly audit   'iconv-lite': [ '0.6.3', '0.4.24' ],
91 silly audit   'end-of-stream': [ '1.4.4' ],
91 silly audit   'engine.io': [ '6.2.0' ],
91 silly audit   'engine.io-parser': [ '5.0.4' ],
91 silly audit   ws: [ '8.2.3', '8.8.1' ],
91 silly audit   entities: [ '4.3.1', '2.2.0', '1.1.2' ],
91 silly audit   'es5-ext': [ '0.10.61' ],
91 silly audit   'es6-iterator': [ '2.0.3' ],
91 silly audit   'es6-symbol': [ '3.1.3' ],
91 silly audit   'es6-weak-map': [ '2.0.3' ],
91 silly audit   escalade: [ '3.1.1' ],
91 silly audit   'escape-html': [ '1.0.3' ],
91 silly audit   'escape-string-regexp': [ '1.0.5' ],
91 silly audit   escodegen: [ '2.0.0' ],
91 silly audit   esprima: [ '4.0.1' ],
91 silly audit   estraverse: [ '5.3.0' ],
91 silly audit   esutils: [ '2.0.3' ],
91 silly audit   etag: [ '1.8.1' ],
91 silly audit   'event-emitter': [ '0.3.5' ],
91 silly audit   'event-target-shim': [ '5.0.1' ],
91 silly audit   'eventemitter-asyncresource': [ '1.0.0' ],
91 silly audit   execa: [ '5.1.1' ],
91 silly audit   'get-stream': [ '6.0.1', '5.2.0' ],
91 silly audit   'exif-parser': [ '0.1.12' ],
91 silly audit   'expand-template': [ '2.0.3' ],
91 silly audit   express: [ '4.18.1' ],
91 silly audit   ext: [ '1.6.0' ],
91 silly audit   type: [ '2.6.1', '1.2.0' ],
91 silly audit   extend: [ '3.0.2' ],
91 silly audit   extsprintf: [ '1.3.0' ],
91 silly audit   'fake-useragent': [ '1.0.1' ],
91 silly audit   'fast-deep-equal': [ '3.1.3' ],
91 silly audit   'fast-json-stable-stringify': [ '2.1.0' ],
91 silly audit   'fast-levenshtein': [ '2.0.6' ],
91 silly audit   'fast-redact': [ '3.1.1' ],
91 silly audit   'fast-safe-stringify': [ '2.1.1' ],
91 silly audit   'fetch-blob': [ '3.2.0' ],
91 silly audit   'web-streams-polyfill': [ '3.2.1', '4.0.0-beta.1' ],
91 silly audit   finalhandler: [ '1.2.0' ],
91 silly audit   'find-replace': [ '3.0.0' ],
91 silly audit   'find-up': [ '4.1.0' ],
91 silly audit   'fluent-ffmpeg': [ '2.1.2' ],
91 silly audit   'follow-redirects': [ '1.15.1' ],
91 silly audit   'forever-agent': [ '0.6.1' ],
91 silly audit   'form-data': [ '4.0.0', '2.3.3', '3.0.1' ],
91 silly audit   'formdata-node': [ '4.3.3' ],
91 silly audit   'formdata-polyfill': [ '4.0.10' ],
91 silly audit   formidable: [ '1.2.6' ],
91 silly audit   forwarded: [ '0.2.0' ],
91 silly audit   fresh: [ '0.5.2' ],
91 silly audit   'fs-constants': [ '1.0.0' ],
91 silly audit   'fs-extra': [ '10.1.0' ],
91 silly audit   universalify: [ '2.0.0', '0.1.2' ],
91 silly audit   'fs-minipass': [ '2.1.0' ],
91 silly audit   'fs.realpath': [ '1.0.0' ],
91 silly audit   'function-bind': [ '1.1.1' ],
91 silly audit   'futoin-hkdf': [ '1.5.1' ],
91 silly audit   'g-i-s': [ '2.1.6' ],
91 silly audit   gauge: [ '3.0.2' ],
91 silly audit   'get-caller-file': [ '2.0.5' ],
91 silly audit   'get-intrinsic': [ '1.1.2' ],
91 silly audit   getpass: [ '0.1.7' ],
91 silly audit   gifencoder: [ '2.0.1' ],
91 silly audit   gifwrap: [ '0.9.4' ],
91 silly audit   'github-from-package': [ '0.0.0' ],
91 silly audit   glob: [ '7.2.3' ],
91 silly audit   global: [ '4.4.0' ],
91 silly audit   'google-it': [ '1.6.3' ],
91 silly audit   got: [ '11.8.5' ],
91 silly audit   'graceful-fs': [ '4.2.10' ],
91 silly audit   'har-schema': [ '2.0.0' ],
91 silly audit   'har-validator': [ '5.1.5' ],
91 silly audit   has: [ '1.0.3' ],
91 silly audit   'has-symbols': [ '1.0.3' ],
91 silly audit   'has-unicode': [ '2.0.1' ],
91 silly audit   'hdr-histogram-js': [ '2.0.3' ],
91 silly audit   'hdr-histogram-percentiles-obj': [ '3.0.0' ],
91 silly audit   he: [ '1.2.0' ],
91 silly audit   'html-to-text': [ '5.1.1' ],
91 silly audit   htmlparser2: [ '3.10.1', '8.0.1' ],
91 silly audit   'http-cache-semantics': [ '4.1.0' ],
91 silly audit   'http-errors': [ '2.0.0' ],
91 silly audit   'http-signature': [ '1.2.0' ],
91 silly audit   'http2-wrapper': [ '1.0.3' ],
91 silly audit   'https-proxy-agent': [ '5.0.1' ],
91 silly audit   'human-readable': [ '0.2.1' ],
91 silly audit   'human-signals': [ '2.1.0' ],
91 silly audit   'human-time': [ '0.0.2' ],
91 silly audit   ieee754: [ '1.2.1' ],
91 silly audit   'image-q': [ '4.0.0' ],
91 silly audit   'image-size': [ '1.0.2' ],
91 silly audit   imurmurhash: [ '0.1.4' ],
91 silly audit   inflight: [ '1.0.6' ],
91 silly audit   inherits: [ '2.0.4' ],
91 silly audit   ini: [ '1.3.8' ],
91 silly audit   ip: [ '2.0.0' ],
91 silly audit   'ip-regex': [ '4.3.0' ],
91 silly audit   'ipaddr.js': [ '1.9.1' ],
91 silly audit   'is-accessor-descriptor': [ '1.0.0' ],
91 silly audit   'is-arrayish': [ '0.3.2' ],
91 silly audit   'is-buffer': [ '1.1.6' ],
91 silly audit   'is-data-descriptor': [ '1.0.0' ],
91 silly audit   'is-descriptor': [ '1.0.2' ],
91 silly audit   'is-fullwidth-code-point': [ '3.0.0', '2.0.0' ],
91 silly audit   'is-function': [ '1.0.2' ],
91 silly audit   'is-interactive': [ '1.0.0' ],
91 silly audit   'is-keyword-js': [ '1.0.3' ],
91 silly audit   'is-number': [ '3.0.0' ],
91 silly audit   'kind-of': [ '3.2.2', '6.0.3' ],
91 silly audit   'is-obj': [ '2.0.0' ],
91 silly audit   'is-potential-custom-element-name': [ '1.0.1' ],
91 silly audit   'is-promise': [ '2.2.2' ],
91 silly audit   'is-stream': [ '2.0.1' ],
91 silly audit   'is-typedarray': [ '1.0.0' ],
91 silly audit   'is-url': [ '1.2.4' ],
91 silly audit   isarray: [ '1.0.0' ],
91 silly audit   isexe: [ '2.0.0' ],
91 silly audit   isstream: [ '0.1.2' ],
91 silly audit   'iterm2-version': [ '5.0.0' ],
91 silly audit   jimp: [ '0.16.1', '0.14.0' ],
91 silly audit   joycon: [ '3.1.1' ],
91 silly audit   'jpeg-js': [ '0.4.2' ],
91 silly audit   jsbn: [ '0.1.1' ],
91 silly audit   'json-buffer': [ '3.0.1' ],
91 silly audit   'json-schema': [ '0.4.0' ],
91 silly audit   'json-schema-traverse': [ '0.4.1' ],
91 silly audit   'json-stringify-safe': [ '5.0.1' ],
91 silly audit   jsonfile: [ '6.1.0' ],
91 silly audit   'jsonpath-plus': [ '5.0.7' ],
91 silly audit   jsprim: [ '1.4.2' ],
91 silly audit   kareem: [ '2.4.1' ],
91 silly audit   keypress: [ '0.2.1' ],
91 silly audit   keyv: [ '4.3.3' ],
91 silly audit   leven: [ '2.1.0' ],
91 silly audit   'levenshtein-edit-distance': [ '2.0.5' ],
91 silly audit   levn: [ '0.3.0' ],
91 silly audit   libsignal: [ '2.0.1' ],
91 silly audit   protobufjs: [ '6.8.8', '6.11.3' ],
91 silly audit   'link-preview-js': [ '2.1.19' ],
91 silly audit   'load-bmfont': [ '1.4.1' ],
91 silly audit   'locate-path': [ '5.0.0' ],
91 silly audit   lodash: [ '4.17.21' ],
91 silly audit   'lodash.camelcase': [ '4.3.0' ],
91 silly audit   'lodash.clonedeep': [ '4.5.0' ],
91 silly audit   'lodash.flatten': [ '4.4.0' ],
91 silly audit   'log-symbols': [ '3.0.0' ],
91 silly audit   'log-update': [ '4.0.0' ],
91 silly audit   long: [ '4.0.0' ],
91 silly audit   lowdb: [ '3.0.0' ],
91 silly audit   'lowercase-keys': [ '2.0.0' ],
91 silly audit   'lru-cache': [ '6.0.0' ],
91 silly audit   'lru-queue': [ '0.1.0' ],
91 silly audit   'lyrics-finder': [ '21.7.0' ],
91 silly audit   'make-dir': [ '3.1.0' ],
91 silly audit   semver: [ '6.3.0', '7.3.7' ],
91 silly audit   'media-typer': [ '1.1.0', '0.3.0' ],
91 silly audit   memoizee: [ '0.4.15' ],
91 silly audit   'memory-pager': [ '1.5.0' ],
91 silly audit   'merge-descriptors': [ '1.0.1' ],
91 silly audit   'merge-stream': [ '2.0.0' ],
91 silly audit   methods: [ '1.1.2' ],
91 silly audit   mime: [ '1.6.0', '2.6.0' ],
91 silly audit   'mime-db': [ '1.52.0' ],
91 silly audit   'mime-types': [ '2.1.35' ],
91 silly audit   'mimic-fn': [ '2.1.0' ],
91 silly audit   'min-document': [ '2.19.0' ],
91 silly audit   minimatch: [ '3.1.2', '3.0.8' ],
91 silly audit   minimist: [ '1.2.6' ],
91 silly audit   minipass: [ '3.3.4' ],
91 silly audit   minizlib: [ '2.1.2' ],
91 silly audit   mkdirp: [ '0.5.6', '1.0.4' ],
91 silly audit   'mkdirp-classic': [ '0.5.3' ],
91 silly audit   moment: [ '2.29.4' ],
91 silly audit   'moment-duration-format': [ '2.3.2' ],
91 silly audit   'moment-timezone': [ '0.5.34' ],
91 silly audit   mongodb: [ '4.8.1' ],
91 silly audit   'mongodb-connection-string-url': [ '2.5.3' ],
91 silly audit   mongoose: [ '6.5.0' ],
91 silly audit   mpath: [ '0.9.0' ],
91 silly audit   mquery: [ '4.0.3' ],
91 silly audit   mri: [ '1.1.4' ],
91 silly audit   multistream: [ '2.1.1' ],
91 silly audit   'music-metadata': [ '7.12.5' ],
91 silly audit   'peek-readable': [ '4.1.0', '5.0.0-alpha.5' ],
91 silly audit   strtok3: [ '6.3.0', '7.0.0-alpha.9' ],
91 silly audit   'token-types': [ '4.2.0', '5.0.0-alpha.2' ],
91 silly audit   'mute-stream': [ '0.0.8' ],
91 silly audit   nan: [ '2.16.0' ],
91 silly audit   'napi-build-utils': [ '1.0.2' ],
91 silly audit   negotiator: [ '0.6.3' ],
91 silly audit   'next-tick': [ '1.1.0' ],
91 silly audit   'nice-napi': [ '1.0.2' ],
91 silly audit   'node-abi': [ '3.22.0' ],
91 silly audit   'node-addon-api': [ '3.2.1', '5.0.0' ],
91 silly audit   'node-cache': [ '5.1.2' ],
91 silly audit   'node-domexception': [ '1.0.0' ],
91 silly audit   'node-fzf': [ '0.5.3' ],
91 silly audit   'string-width': [ '2.1.1', '4.2.3' ],
91 silly audit   'strip-ansi': [ '4.0.0', '6.0.1' ],
91 silly audit   'node-gtts': [ '2.0.2' ],
91 silly audit   'node-gyp-build': [ '4.5.0' ],
91 silly audit   'node-tesseract-ocr': [ '2.2.1' ],
91 silly audit   'node-webpmux': [ '3.1.1' ],
91 silly audit   nopt: [ '5.0.0' ],
91 silly audit   'normalize-url': [ '6.1.0' ],
91 silly audit   'npm-run-path': [ '4.0.1' ],
91 silly audit   npmlog: [ '5.0.1' ],
91 silly audit   'nth-check': [ '2.1.1' ],
91 silly audit   'num-or-not': [ '1.0.1' ],
91 silly audit   nwsapi: [ '2.2.1' ],
91 silly audit   'oauth-sign': [ '0.9.0' ],
91 silly audit   'object-assign': [ '4.1.1' ],
91 silly audit   'object-inspect': [ '1.12.2' ],
91 silly audit   omggif: [ '1.0.10' ],
91 silly audit   'on-exit-leak-free': [ '0.2.0' ],
91 silly audit   'on-finished': [ '2.4.1' ],
91 silly audit   once: [ '1.4.0' ],
91 silly audit   onetime: [ '5.1.2' ],
91 silly audit   optionator: [ '0.8.3' ],
91 silly audit   ora: [ '4.1.1' ],
91 silly audit   'p-cancelable': [ '2.1.1' ],
91 silly audit   'p-limit': [ '2.3.0' ],
91 silly audit   'p-locate': [ '4.1.0' ],
91 silly audit   'p-try': [ '2.2.0' ],
91 silly audit   pako: [ '1.0.11' ],
91 silly audit   'parse-bmfont-ascii': [ '1.0.6' ],
91 silly audit   'parse-bmfont-binary': [ '1.0.6' ],
91 silly audit   'parse-bmfont-xml': [ '1.1.4' ],
91 silly audit   'parse-headers': [ '2.0.5' ],
91 silly audit   'parse5-htmlparser2-tree-adapter': [ '7.0.0' ],
91 silly audit   parseurl: [ '1.3.3' ],
91 silly audit   'path-exists': [ '4.0.0' ],
91 silly audit   'path-is-absolute': [ '1.0.1' ],
91 silly audit   'path-key': [ '3.1.1' ],
91 silly audit   'path-to-regexp': [ '0.1.7' ],
91 silly audit   perf_hooks: [ '0.0.1' ],
91 silly audit   'performance-now': [ '2.1.0' ],
91 silly audit   'pet-pet-gif': [ '1.0.9' ],
91 silly audit   phin: [ '2.9.3' ],
91 silly audit   pino: [ '7.11.0' ],
91 silly audit   'pino-abstract-transport': [ '0.5.0' ],
91 silly audit   'pino-pretty': [ '7.6.1' ],
91 silly audit   'pino-std-serializers': [ '4.0.0' ],
91 silly audit   piscina: [ '3.2.0' ],
91 silly audit   pixelmatch: [ '4.0.2' ],
91 silly audit   plist: [ '3.0.6' ],
91 silly audit   pngjs: [ '3.4.0', '5.0.0' ],
91 silly audit   'prebuild-install': [ '7.1.1' ],
91 silly audit   'simple-get': [ '4.0.1', '3.1.1' ],
91 silly audit   'prelude-ls': [ '1.1.2' ],
91 silly audit   process: [ '0.11.10' ],
91 silly audit   'process-nextick-args': [ '2.0.1' ],
91 silly audit   'process-warning': [ '1.0.0' ],
91 silly audit   'proxy-addr': [ '2.0.7' ],
91 silly audit   psl: [ '1.9.0' ],
91 silly audit   pump: [ '3.0.0' ],
91 silly audit   punycode: [ '2.1.1', '1.3.2' ],
91 silly audit   qrcode: [ '1.5.1' ],
91 silly audit   'qrcode-terminal': [ '0.12.0' ],
91 silly audit   y18n: [ '4.0.3', '5.0.8' ],
91 silly audit   yargs: [ '15.4.1', '17.5.1' ],
91 silly audit   'yargs-parser': [ '18.1.3', '21.0.1' ],
91 silly audit   querystring: [ '0.2.0' ],
91 silly audit   queue: [ '6.0.2' ],
91 silly audit   'quick-format-unescaped': [ '4.0.4' ],
91 silly audit   'quick-lru': [ '5.1.1' ],
91 silly audit   'range-parser': [ '1.2.1' ],
91 silly audit   'raw-body': [ '2.5.1' ],
91 silly audit   rc: [ '1.2.8' ],
91 silly audit   'strip-json-comments': [ '2.0.1', '3.1.1' ],
91 silly audit   'safe-buffer': [ '5.1.2', '5.2.1' ],
91 silly audit   'readable-web-to-node-stream': [ '3.0.2' ],
91 silly audit   readline: [ '1.3.0' ],
91 silly audit   'real-require': [ '0.1.0' ],
91 silly audit   redstar: [ '0.0.2' ],
91 silly audit   'regenerator-runtime': [ '0.13.9' ],
91 silly audit   'render-gif': [ '2.0.4' ],
91 silly audit   request: [ '2.88.2' ],
91 silly audit   'tough-cookie': [ '2.5.0', '4.0.0' ],
91 silly audit   'require-directory': [ '2.1.1' ],
91 silly audit   'require-main-filename': [ '2.0.0' ],
91 silly audit   'resolve-alpn': [ '1.2.1' ],
91 silly audit   responselike: [ '2.0.1' ],
91 silly audit   'restore-cursor': [ '3.1.0' ],
91 silly audit   rfdc: [ '1.3.0' ],
91 silly audit   rimraf: [ '3.0.2' ],
91 silly audit   'safe-eval': [ '0.4.1' ],
91 silly audit   'safe-stable-stringify': [ '2.3.1' ],
91 silly audit   'safer-buffer': [ '2.1.2' ],
91 silly audit   saslprep: [ '1.0.3' ],
91 silly audit   sax: [ '1.2.4' ],
91 silly audit   saxes: [ '5.0.1' ],
91 silly audit   'secure-json-parse': [ '2.5.0' ],
91 silly audit   send: [ '0.18.0' ],
91 silly audit   'serve-static': [ '1.15.0' ],
91 silly audit   'set-blocking': [ '2.0.0' ],
91 silly audit   setprototypeof: [ '1.2.0' ],
91 silly audit   sharp: [ '0.30.7' ],
91 silly audit   'shebang-command': [ '2.0.0' ],
91 silly audit   'shebang-regex': [ '3.0.0' ],
91 silly audit   'side-channel': [ '1.0.4' ],
91 silly audit   sift: [ '16.0.0' ],
91 silly audit   'signal-exit': [ '3.0.7' ],
91 silly audit   similarity: [ '1.2.1' ],
91 silly audit   'simple-concat': [ '1.0.1' ],
91 silly audit   'simple-swizzle': [ '0.2.2' ],
91 silly audit   'slice-ansi': [ '4.0.0' ],
91 silly audit   'smart-buffer': [ '4.2.0' ],
91 silly audit   'socket.io': [ '4.5.1' ],
91 silly audit   'socket.io-adapter': [ '2.4.0' ],
91 silly audit   'socket.io-parser': [ '4.0.5' ],
91 silly audit   socks: [ '2.7.0' ],
91 silly audit   'sonic-boom': [ '2.8.0' ],
91 silly audit   'source-map': [ '0.6.1' ],
91 silly audit   'sparse-bitfield': [ '3.0.3' ],
91 silly audit   split2: [ '4.1.0' ],
91 silly audit   'spotify-web-api-node': [ '5.0.2' ],
91 silly audit   sshpk: [ '1.17.0' ],
91 silly audit   statuses: [ '2.0.1' ],
91 silly audit   steno: [ '2.1.0' ],
91 silly audit   'stream-shift': [ '1.0.1' ],
91 silly audit   string_decoder: [ '1.1.1' ],
91 silly audit   'strip-final-newline': [ '2.0.0' ],
91 silly audit   superagent: [ '6.1.0' ],
91 silly audit   'symbol-tree': [ '3.2.4' ],
91 silly audit   'syntax-error': [ '1.4.0' ],
91 silly audit   tar: [ '6.1.11' ],
91 silly audit   'tar-fs': [ '2.1.1' ],
91 silly audit   'tar-stream': [ '2.2.0' ],
91 silly audit   'term-img': [ '6.0.0' ],
91 silly audit   'terminal-image': [ '2.0.0' ],
91 silly audit   'thread-stream': [ '0.15.2' ],
91 silly audit   'timers-ext': [ '0.1.7' ],
91 silly audit   timm: [ '1.7.1' ],
91 silly audit   tinycolor2: [ '1.4.2' ],
91 silly audit   tlds: [ '1.231.0' ],
91 silly audit   toidentifier: [ '1.0.1' ],
91 silly audit   'translate-google': [ '1.5.0' ],
91 silly audit   trim: [ '0.0.1' ],
91 silly audit   tslib: [ '2.4.0' ],
91 silly audit   ttys: [ '0.0.3' ],
91 silly audit   'tunnel-agent': [ '0.6.0' ],
91 silly audit   tweetnacl: [ '0.14.5' ],
91 silly audit   'type-check': [ '0.3.2' ],
91 silly audit   'type-is': [ '1.6.18' ],
91 silly audit   'typedarray-to-buffer': [ '3.1.5' ],
91 silly audit   typical: [ '4.0.0' ],
91 silly audit   underscore: [ '1.13.4' ],
91 silly audit   'underscore-keypath': [ '0.0.22' ],
91 silly audit   'unique-string': [ '3.0.0' ],
91 silly audit   unpipe: [ '1.0.0' ],
91 silly audit   'uri-js': [ '4.4.1' ],
91 silly audit   url: [ '0.11.0' ],
91 silly audit   'url-regex': [ '5.0.0' ],
91 silly audit   'url-regex-safe': [ '3.0.0' ],
91 silly audit   'user-agents': [ '1.0.1093' ],
91 silly audit   utif: [ '2.0.1' ],
91 silly audit   'util-deprecate': [ '1.0.2' ],
91 silly audit   'utils-merge': [ '1.0.1' ],
91 silly audit   uuid: [ '3.4.0' ],
91 silly audit   vary: [ '1.1.2' ],
91 silly audit   verror: [ '1.10.0' ],
91 silly audit   'w3c-hr-time': [ '1.0.2' ],
91 silly audit   'wa-sticker-formatter': [ '4.3.2' ],
91 silly audit   wcwidth: [ '1.0.1' ],
91 silly audit   'which-module': [ '2.0.0' ],
91 silly audit   'wide-align': [ '1.1.5' ],
91 silly audit   'window-size': [ '1.1.1' ],
91 silly audit   'word-wrap': [ '1.2.3' ],
91 silly audit   wrappy: [ '1.0.2' ],
91 silly audit   'write-file-atomic': [ '3.0.3' ],
91 silly audit   'xdg-basedir': [ '5.1.0' ],
91 silly audit   xhr: [ '2.6.0' ],
91 silly audit   'xml-parse-from-string': [ '1.0.1' ],
91 silly audit   xml2js: [ '0.4.23' ],
91 silly audit   xmlbuilder: [ '11.0.1', '15.1.1' ],
91 silly audit   xmlchars: [ '2.2.0' ],
91 silly audit   xtend: [ '4.0.2' ],
91 silly audit   yallist: [ '4.0.0' ],
91 silly audit   'yt-search': [ '2.10.3' ],
91 silly audit   zod: [ '3.17.10' ]
91 silly audit }
92 verbose reify failed optional dependency /home/container/node_modules/@napi-rs/canvas-win32-x64-msvc
93 silly reify mark deleted [ '/home/container/node_modules/@napi-rs/canvas-win32-x64-msvc' ]
94 verbose reify failed optional dependency /home/container/node_modules/@napi-rs/canvas-linux-arm64-musl
95 silly reify mark deleted [ '/home/container/node_modules/@napi-rs/canvas-linux-arm64-musl' ]
96 verbose reify failed optional dependency /home/container/node_modules/@napi-rs/canvas-linux-arm64-gnu
97 silly reify mark deleted [ '/home/container/node_modules/@napi-rs/canvas-linux-arm64-gnu' ]
98 verbose reify failed optional dependency /home/container/node_modules/@napi-rs/canvas-linux-arm-gnueabihf
99 silly reify mark deleted [ '/home/container/node_modules/@napi-rs/canvas-linux-arm-gnueabihf' ]
100 verbose reify failed optional dependency /home/container/node_modules/@napi-rs/canvas-darwin-x64
101 silly reify mark deleted [ '/home/container/node_modules/@napi-rs/canvas-darwin-x64' ]
102 verbose reify failed optional dependency /home/container/node_modules/@napi-rs/canvas-darwin-arm64
103 silly reify mark deleted [ '/home/container/node_modules/@napi-rs/canvas-darwin-arm64' ]
104 verbose reify failed optional dependency /home/container/node_modules/@napi-rs/canvas-android-arm64
105 silly reify mark deleted [ '/home/container/node_modules/@napi-rs/canvas-android-arm64' ]
106 timing reifyNode:node_modules/@napi-rs/canvas-win32-x64-msvc Completed in 23ms
107 timing reifyNode:node_modules/@napi-rs/canvas-linux-arm64-musl Completed in 22ms
108 timing reifyNode:node_modules/@napi-rs/canvas-linux-arm64-gnu Completed in 22ms
109 timing reifyNode:node_modules/@napi-rs/canvas-linux-arm-gnueabihf Completed in 23ms
110 timing reifyNode:node_modules/@napi-rs/canvas-darwin-x64 Completed in 23ms
111 timing reifyNode:node_modules/@napi-rs/canvas-darwin-arm64 Completed in 23ms
112 timing reifyNode:node_modules/@napi-rs/canvas-android-arm64 Completed in 22ms
113 silly tarball no local data for @napi-rs/canvas-linux-x64-musl@https://registry.npmjs.org/@napi-rs/canvas-linux-x64-musl/-/canvas-linux-x64-musl-0.1.25.tgz. Extracting by manifest.
114 silly tarball no local data for sshpk@https://registry.npmjs.org/sshpk/-/sshpk-1.17.0.tgz. Extracting by manifest.
115 silly tarball no local data for @mapbox/node-pre-gyp@https://registry.npmjs.org/@mapbox/node-pre-gyp/-/node-pre-gyp-1.0.9.tgz. Extracting by manifest.
116 silly tarball no local data for yt-search@https://registry.npmjs.org/yt-search/-/yt-search-2.10.3.tgz. Extracting by manifest.
117 silly tarball no local data for window-size@https://registry.npmjs.org/window-size/-/window-size-1.1.1.tgz. Extracting by manifest.
118 silly tarball no local data for which@https://registry.npmjs.org/which/-/which-1.3.1.tgz. Extracting by manifest.
119 silly tarball no local data for uuid@https://registry.npmjs.org/uuid/-/uuid-3.4.0.tgz. Extracting by manifest.
120 silly tarball no local data for tlds@https://registry.npmjs.org/tlds/-/tlds-1.231.0.tgz. Extracting by manifest.
121 silly tarball no local data for similarity@https://registry.npmjs.org/similarity/-/similarity-1.2.1.tgz. Extracting by manifest.
122 silly tarball no local data for semver@https://registry.npmjs.org/semver/-/semver-7.3.7.tgz. Extracting by manifest.
123 silly tarball no local data for rimraf@https://registry.npmjs.org/rimraf/-/rimraf-3.0.2.tgz. Extracting by manifest.
124 silly tarball no local data for rc@https://registry.npmjs.org/rc/-/rc-1.2.8.tgz. Extracting by manifest.
125 silly tarball no local data for qrcode-terminal@https://registry.npmjs.org/qrcode-terminal/-/qrcode-terminal-0.12.0.tgz. Extracting by manifest.
126 silly tarball no local data for qrcode@https://registry.npmjs.org/qrcode/-/qrcode-1.5.1.tgz. Extracting by manifest.
127 silly tarball no local data for protobufjs@https://registry.npmjs.org/protobufjs/-/protobufjs-6.11.3.tgz. Extracting by manifest.
128 silly tarball no local data for prebuild-install@https://registry.npmjs.org/prebuild-install/-/prebuild-install-7.1.1.tgz. Extracting by manifest.
129 silly tarball no local data for pixelmatch@https://registry.npmjs.org/pixelmatch/-/pixelmatch-4.0.2.tgz. Extracting by manifest.
130 silly tarball no local data for pino-pretty@https://registry.npmjs.org/pino-pretty/-/pino-pretty-7.6.1.tgz. Extracting by manifest.
131 silly tarball no local data for pino@https://registry.npmjs.org/pino/-/pino-7.11.0.tgz. Extracting by manifest.
132 silly tarball no local data for nopt@https://registry.npmjs.org/nopt/-/nopt-5.0.0.tgz. Extracting by manifest.
133 silly tarball no local data for node-gyp-build@https://registry.npmjs.org/node-gyp-build/-/node-gyp-build-4.5.0.tgz. Extracting by manifest.
134 silly tarball no local data for node-gtts@https://registry.npmjs.org/node-gtts/-/node-gtts-2.0.2.tgz. Extracting by manifest.
135 silly tarball no local data for node-fzf@https://registry.npmjs.org/node-fzf/-/node-fzf-0.5.3.tgz. Extracting by manifest.
136 silly tarball no local data for mkdirp@https://registry.npmjs.org/mkdirp/-/mkdirp-0.5.6.tgz. Extracting by manifest.
137 silly tarball no local data for mime@https://registry.npmjs.org/mime/-/mime-1.6.0.tgz. Extracting by manifest.
138 silly tarball no local data for lyrics-finder@https://registry.npmjs.org/lyrics-finder/-/lyrics-finder-21.7.0.tgz. Extracting by manifest.
139 silly tarball no local data for levenshtein-edit-distance@https://registry.npmjs.org/levenshtein-edit-distance/-/levenshtein-edit-distance-2.0.5.tgz. Extracting by manifest.
140 silly tarball no local data for image-size@https://registry.npmjs.org/image-size/-/image-size-1.0.2.tgz. Extracting by manifest.
141 silly tarball no local data for html-to-text@https://registry.npmjs.org/html-to-text/-/html-to-text-5.1.1.tgz. Extracting by manifest.
142 silly tarball no local data for he@https://registry.npmjs.org/he/-/he-1.2.0.tgz. Extracting by manifest.
143 silly tarball no local data for google-it@https://registry.npmjs.org/google-it/-/google-it-1.6.3.tgz. Extracting by manifest.
144 silly tarball no local data for esprima@https://registry.npmjs.org/esprima/-/esprima-4.0.1.tgz. Extracting by manifest.
145 silly tarball no local data for escodegen@https://registry.npmjs.org/escodegen/-/escodegen-2.0.0.tgz. Extracting by manifest.
146 silly tarball no local data for dot-json@https://registry.npmjs.org/dot-json/-/dot-json-1.2.2.tgz. Extracting by manifest.
147 silly tarball no local data for color-support@https://registry.npmjs.org/color-support/-/color-support-1.1.3.tgz. Extracting by manifest.
148 silly tarball no local data for cfonts@https://registry.npmjs.org/cfonts/-/cfonts-2.10.1.tgz. Extracting by manifest.
149 silly tarball no local data for canvacord@https://registry.npmjs.org/canvacord/-/canvacord-5.4.3.tgz. Extracting by manifest.
150 silly tarball no local data for acorn@https://registry.npmjs.org/acorn/-/acorn-8.8.0.tgz. Extracting by manifest.
151 silly tarball no local data for mkdirp@https://registry.npmjs.org/mkdirp/-/mkdirp-1.0.4.tgz. Extracting by manifest.
152 silly tarball no local data for mime@https://registry.npmjs.org/mime/-/mime-2.6.0.tgz. Extracting by manifest.
153 silly tarball no local data for semver@https://registry.npmjs.org/semver/-/semver-6.3.0.tgz. Extracting by manifest.
154 silly tarball no local data for protobufjs@https://registry.npmjs.org/protobufjs/-/protobufjs-6.8.8.tgz. Extracting by manifest.
155 silly tarball no local data for which@https://registry.npmjs.org/which/-/which-2.0.2.tgz. Extracting by manifest.
156 silly tarball no local data for acorn@https://registry.npmjs.org/acorn/-/acorn-7.4.1.tgz. Extracting by manifest.
157 silly tarball no local data for acorn@https://registry.npmjs.org/acorn/-/acorn-7.4.1.tgz. Extracting by manifest.
158 http fetch GET 200 https://registry.npmjs.org/npm 1928ms (cache miss)
159 http fetch POST 200 https://registry.npmjs.org/-/npm/v1/security/advisories/bulk 409ms
160 timing auditReport:getReport Completed in 427ms
161 silly audit report {
161 silly audit report   'engine.io': [
161 silly audit report     {
161 silly audit report       id: 1085164,
161 silly audit report       url: 'https://github.com/advisories/GHSA-r7qp-cfhv-p84w',
161 silly audit report       title: 'Uncaught exception in engine.io',
161 silly audit report       severity: 'moderate',
161 silly audit report       vulnerable_versions: '>=4.0.0 <6.2.1',
161 silly audit report       cwe: [Array],
161 silly audit report       cvss: [Object]
161 silly audit report     }
161 silly audit report   ],
161 silly audit report   'jpeg-js': [
161 silly audit report     {
161 silly audit report       id: 1075625,
161 silly audit report       url: 'https://github.com/advisories/GHSA-xvf7-4v9q-58w6',
161 silly audit report       title: 'Infinite loop in jpeg-js',
161 silly audit report       severity: 'high',
161 silly audit report       vulnerable_versions: '<0.4.4',
161 silly audit report       cwe: [Array],
161 silly audit report       cvss: [Object]
161 silly audit report     }
161 silly audit report   ],
161 silly audit report   'moment-timezone': [
161 silly audit report     {
161 silly audit report       id: 1084253,
161 silly audit report       url: 'https://github.com/advisories/GHSA-56x4-j7p9-fcf9',
161 silly audit report       title: 'Command Injection in moment-timezone',
161 silly audit report       severity: 'low',
161 silly audit report       vulnerable_versions: '>=0.1.0 <0.5.35',
161 silly audit report       cwe: [],
161 silly audit report       cvss: [Object]
161 silly audit report     },
161 silly audit report     {
161 silly audit report       id: 1084254,
161 silly audit report       url: 'https://github.com/advisories/GHSA-v78c-4p63-2j6c',
161 silly audit report       title: 'Cleartext Transmission of Sensitive Information in moment-timezone',
161 silly audit report       severity: 'moderate',
161 silly audit report       vulnerable_versions: '>=0.1.0 <0.5.35',
161 silly audit report       cwe: [Array],
161 silly audit report       cvss: [Object]
161 silly audit report     }
161 silly audit report   ],
161 silly audit report   'safe-eval': [
161 silly audit report     {
161 silly audit report       id: 1082532,
161 silly audit report       url: 'https://github.com/advisories/GHSA-9pcf-h8q9-63f6',
161 silly audit report       title: 'Sandbox Breakout / Arbitrary Code Execution in safe-eval',
161 silly audit report       severity: 'high',
161 silly audit report       vulnerable_versions: '>=0.0.0',
161 silly audit report       cwe: [],
161 silly audit report       cvss: [Object]
161 silly audit report     },
161 silly audit report     {
161 silly audit report       id: 1082853,
161 silly audit report       url: 'https://github.com/advisories/GHSA-hrpq-r399-whgw',
161 silly audit report       title: 'Sandbox Breakout / Arbitrary Code Execution in safe-eval',
161 silly audit report       severity: 'critical',
161 silly audit report       vulnerable_versions: '<=0.4.1',
161 silly audit report       cwe: [Array],
161 silly audit report       cvss: [Object]
161 silly audit report     }
161 silly audit report   ],
161 silly audit report   trim: [
161 silly audit report     {
161 silly audit report       id: 1070259,
161 silly audit report       url: 'https://github.com/advisories/GHSA-w5p7-h5w8-2hfq',
161 silly audit report       title: 'Regular Expression Denial of Service in trim',
161 silly audit report       severity: 'high',
161 silly audit report       vulnerable_versions: '<0.0.3',
161 silly audit report       cwe: [Array],
161 silly audit report       cvss: [Object]
161 silly audit report     }
161 silly audit report   ],
161 silly audit report   'url-regex': [
161 silly audit report     {
161 silly audit report       id: 1069365,
161 silly audit report       url: 'https://github.com/advisories/GHSA-v4rh-8p82-6h5w',
161 silly audit report       title: 'Regular expression denial of service in url-regex',
161 silly audit report       severity: 'high',
161 silly audit report       vulnerable_versions: '<=5.0.0',
161 silly audit report       cwe: [Array],
161 silly audit report       cvss: [Object]
161 silly audit report     }
161 silly audit report   ]
161 silly audit report }
162 timing metavuln:cache:get:security-advisory:engine.io:eWOSSfoip58mG1TNkS3MMq/LZHwQHmVPn/TKXtyR3O4x/ffxvtoBqzGhCiH3BI9hrYBaFrflMMdp93OeDTIXNw== Completed in 50ms
163 timing metavuln:cache:get:security-advisory:jpeg-js:l7EZzFwRSuAHDc2oAXy38TevUk3/A6abdGY7hE51kN1nB0s24IxmjU2+FW4dOUW/cEmdWMXb9z5luSYBkJrulw== Completed in 50ms
164 timing metavuln:cache:get:security-advisory:moment-timezone:xgIIK9a6p++H2BBkK/X/yh1VIeLSVriaB+EiZd95y+zPdQ2yRsQLM4mVWFCRE0JMsujeHAXeIS0LNKSc71DlYw== Completed in 41ms
165 timing metavuln:cache:get:security-advisory:moment-timezone:1Kv0o2LTVcP3BPzSjgyG34QAmxaGQGBeuKzGDrllGX9StWpvs/x1ed3JjiGcfIccIeG5V2SS5XlISxA55ymv4A== Completed in 40ms
166 timing metavuln:cache:get:security-advisory:safe-eval:SOR+wvbzUaNq7Rh2N6AZaEyb5Xhzdj/cBNg7d30adpZrfRwxMDBjEiu6mUsy8cjATFWAzr59qvlaUzqlaOB45Q== Completed in 40ms
167 timing metavuln:cache:get:security-advisory:safe-eval:shsO0NfnWYb+48cZZuTe8acrmILr27Jnx4S2ClOobS5Fka5wP05J4kQQgYQKiN3/4hw2vcyzils1dgunVT9meA== Completed in 39ms
168 timing metavuln:cache:get:security-advisory:trim:4dW2LveomrMg5KapPeHD0MLKFDN6LSwHuP3Lyq8fyBd+QyHGMqoqnjj+effUNG/F0QV84gmSB+WBjnMBomTxyQ== Completed in 39ms
169 timing metavuln:cache:get:security-advisory:url-regex:JuqsY7kbIIJCJr7J9ZHgX4zCYpe12QvZJJherJc4xKYz1K/sRiX5bKHRkADtcaCwixniHsNGpq8r7RIgQV6H0Q== Completed in 38ms
170 http fetch GET 200 https://registry.npmjs.org/similarity/-/similarity-1.2.1.tgz 573ms (cache miss)
171 timing reifyNode:node_modules/similarity Completed in 619ms
172 http fetch GET 200 https://registry.npmjs.org/image-size/-/image-size-1.0.2.tgz 554ms (cache miss)
173 http fetch GET 200 https://registry.npmjs.org/mkdirp/-/mkdirp-0.5.6.tgz 560ms (cache miss)
174 timing reifyNode:node_modules/mkdirp Completed in 620ms
175 http fetch GET 200 https://registry.npmjs.org/window-size/-/window-size-1.1.1.tgz 585ms (cache miss)
176 timing reifyNode:node_modules/window-size Completed in 626ms
177 http fetch GET 200 https://registry.npmjs.org/which/-/which-1.3.1.tgz 585ms (cache miss)
178 timing reifyNode:node_modules/which Completed in 627ms
179 http fetch GET 200 https://registry.npmjs.org/lyrics-finder/-/lyrics-finder-21.7.0.tgz 567ms (cache miss)
180 timing reifyNode:node_modules/lyrics-finder Completed in 628ms
181 http fetch GET 200 https://registry.npmjs.org/color-support/-/color-support-1.1.3.tgz 548ms (cache miss)
182 timing reifyNode:node_modules/color-support Completed in 627ms
183 http fetch GET 200 https://registry.npmjs.org/mkdirp/-/mkdirp-1.0.4.tgz 543ms (cache miss)
184 http fetch GET 200 https://registry.npmjs.org/dot-json/-/dot-json-1.2.2.tgz 551ms (cache miss)
185 timing reifyNode:node_modules/dot-json Completed in 629ms
186 http fetch GET 200 https://registry.npmjs.org/levenshtein-edit-distance/-/levenshtein-edit-distance-2.0.5.tgz 572ms (cache miss)
187 timing reifyNode:node_modules/levenshtein-edit-distance Completed in 635ms
188 http fetch GET 200 https://registry.npmjs.org/rimraf/-/rimraf-3.0.2.tgz 593ms (cache miss)
189 timing reifyNode:node_modules/rimraf Completed in 640ms
190 http fetch GET 200 https://registry.npmjs.org/node-gyp-build/-/node-gyp-build-4.5.0.tgz 586ms (cache miss)
191 timing reifyNode:node_modules/node-gyp-build Completed in 642ms
192 timing reifyNode:node_modules/tar/node_modules/mkdirp Completed in 657ms
193 http fetch GET 200 https://registry.npmjs.org/jpeg-js 255ms (cache miss)
194 timing metavuln:packument:jpeg-js Completed in 264ms
195 timing metavuln:load:security-advisory:jpeg-js:1075625 Completed in 2ms
196 http fetch GET 200 https://registry.npmjs.org/node-gtts/-/node-gtts-2.0.2.tgz 618ms (cache miss)
197 timing reifyNode:node_modules/node-gtts Completed in 675ms
198 http fetch GET 200 https://registry.npmjs.org/which/-/which-2.0.2.tgz 589ms (cache miss)
199 timing reifyNode:node_modules/cross-spawn/node_modules/which Completed in 679ms
200 http fetch GET 200 https://registry.npmjs.org/yt-search/-/yt-search-2.10.3.tgz 654ms (cache miss)
201 timing reifyNode:node_modules/yt-search Completed in 694ms
202 http fetch GET 200 https://registry.npmjs.org/rc/-/rc-1.2.8.tgz 645ms (cache miss)
203 timing reifyNode:node_modules/rc Completed in 694ms
204 http fetch GET 200 https://registry.npmjs.org/semver/-/semver-6.3.0.tgz 605ms (cache miss)
205 timing reifyNode:node_modules/make-dir/node_modules/semver Completed in 694ms
206 http fetch GET 200 https://registry.npmjs.org/tlds/-/tlds-1.231.0.tgz 659ms (cache miss)
207 timing reifyNode:node_modules/tlds Completed in 702ms
208 http fetch GET 200 https://registry.npmjs.org/nopt/-/nopt-5.0.0.tgz 647ms (cache miss)
209 timing reifyNode:node_modules/nopt Completed in 702ms
210 http fetch GET 200 https://registry.npmjs.org/node-fzf/-/node-fzf-0.5.3.tgz 645ms (cache miss)
211 timing reifyNode:node_modules/node-fzf Completed in 703ms
212 http fetch GET 200 https://registry.npmjs.org/prebuild-install/-/prebuild-install-7.1.1.tgz 685ms (cache miss)
213 timing reifyNode:node_modules/prebuild-install Completed in 736ms
214 http fetch GET 200 https://registry.npmjs.org/escodegen/-/escodegen-2.0.0.tgz 672ms (cache miss)
215 timing reifyNode:node_modules/escodegen Completed in 749ms
216 http fetch GET 200 https://registry.npmjs.org/moment-timezone 342ms (cache miss)
217 timing metavuln:packument:moment-timezone Completed in 343ms
218 timing metavuln:load:security-advisory:moment-timezone:1084253 Completed in 2ms
219 timing metavuln:load:security-advisory:moment-timezone:1084254 Completed in 12ms
220 http fetch GET 200 https://registry.npmjs.org/mime/-/mime-1.6.0.tgz 718ms (cache miss)
221 timing reifyNode:node_modules/mime Completed in 778ms
222 timing metavuln:cache:put:security-advisory:jpeg-js:l7EZzFwRSuAHDc2oAXy38TevUk3/A6abdGY7hE51kN1nB0s24IxmjU2+FW4dOUW/cEmdWMXb9z5luSYBkJrulw== Completed in 111ms
223 timing metavuln:calculate:security-advisory:jpeg-js:1075625 Completed in 377ms
224 http fetch GET 200 https://registry.npmjs.org/html-to-text/-/html-to-text-5.1.1.tgz 723ms (cache miss)
225 http fetch GET 200 https://registry.npmjs.org/mime/-/mime-2.6.0.tgz 710ms (cache miss)
226 timing reifyNode:node_modules/superagent/node_modules/mime Completed in 799ms
227 http fetch GET 200 https://registry.npmjs.org/google-it/-/google-it-1.6.3.tgz 733ms (cache miss)
228 http fetch GET 200 https://registry.npmjs.org/uuid/-/uuid-3.4.0.tgz 762ms (cache miss)
229 warn deprecated uuid@3.4.0: Please upgrade  to version 7 or higher.  Older versions may use Math.random() in certain circumstances, which is known to be problematic.  See https://v8.dev/blog/math-random for details.
230 timing reifyNode:node_modules/uuid Completed in 806ms
231 timing reifyNode:node_modules/html-to-text Completed in 805ms
232 timing reifyNode:node_modules/google-it Completed in 805ms
233 http fetch GET 200 https://registry.npmjs.org/he/-/he-1.2.0.tgz 756ms (cache miss)
234 timing reifyNode:node_modules/he Completed in 823ms
235 timing metavuln:cache:put:security-advisory:moment-timezone:xgIIK9a6p++H2BBkK/X/yh1VIeLSVriaB+EiZd95y+zPdQ2yRsQLM4mVWFCRE0JMsujeHAXeIS0LNKSc71DlYw== Completed in 87ms
236 timing metavuln:calculate:security-advisory:moment-timezone:1084253 Completed in 432ms
237 timing metavuln:cache:put:security-advisory:moment-timezone:1Kv0o2LTVcP3BPzSjgyG34QAmxaGQGBeuKzGDrllGX9StWpvs/x1ed3JjiGcfIccIeG5V2SS5XlISxA55ymv4A== Completed in 74ms
238 timing metavuln:calculate:security-advisory:moment-timezone:1084254 Completed in 431ms
239 http fetch GET 200 https://registry.npmjs.org/acorn/-/acorn-8.8.0.tgz 762ms (cache miss)
240 timing reifyNode:node_modules/acorn Completed in 847ms
241 http fetch GET 200 https://registry.npmjs.org/esprima/-/esprima-4.0.1.tgz 786ms (cache miss)
242 timing reifyNode:node_modules/esprima Completed in 863ms
243 timing reifyNode:node_modules/image-size Completed in 876ms
244 http fetch GET 200 https://registry.npmjs.org/qrcode-terminal/-/qrcode-terminal-0.12.0.tgz 871ms (cache miss)
245 timing reifyNode:node_modules/qrcode-terminal Completed in 920ms
246 http fetch GET 200 https://registry.npmjs.org/semver/-/semver-7.3.7.tgz 908ms (cache miss)
247 timing reifyNode:node_modules/semver Completed in 954ms
248 http fetch GET 200 https://registry.npmjs.org/pino-pretty/-/pino-pretty-7.6.1.tgz 903ms (cache miss)
249 timing reifyNode:node_modules/pino-pretty Completed in 961ms
250 http fetch GET 200 https://registry.npmjs.org/sshpk/-/sshpk-1.17.0.tgz 936ms (cache miss)
251 timing reifyNode:node_modules/sshpk Completed in 974ms
252 http fetch GET 200 https://registry.npmjs.org/cfonts/-/cfonts-2.10.1.tgz 890ms (cache miss)
253 timing reifyNode:node_modules/cfonts Completed in 971ms
254 http fetch GET 200 https://registry.npmjs.org/acorn/-/acorn-7.4.1.tgz 883ms (cache miss)
255 http fetch GET 200 https://registry.npmjs.org/qrcode/-/qrcode-1.5.1.tgz 928ms (cache miss)
256 timing reifyNode:node_modules/qrcode Completed in 978ms
257 timing reifyNode:node_modules/acorn-node/node_modules/acorn Completed in 977ms
258 http fetch GET 200 https://registry.npmjs.org/acorn/-/acorn-7.4.1.tgz 887ms (cache miss)
259 timing reifyNode:node_modules/acorn-globals/node_modules/acorn Completed in 993ms
260 http fetch GET 200 https://registry.npmjs.org/pixelmatch/-/pixelmatch-4.0.2.tgz 973ms (cache miss)
261 timing reifyNode:node_modules/pixelmatch Completed in 1024ms
262 http fetch GET 200 https://registry.npmjs.org/pino/-/pino-7.11.0.tgz 1021ms (cache miss)
263 timing reifyNode:node_modules/pino Completed in 1075ms
264 http fetch GET 200 https://registry.npmjs.org/protobufjs/-/protobufjs-6.11.3.tgz 1105ms (cache miss)
265 timing reifyNode:node_modules/protobufjs Completed in 1156ms
266 http fetch GET 200 https://registry.npmjs.org/protobufjs/-/protobufjs-6.8.8.tgz 1066ms (cache miss)
267 timing reifyNode:node_modules/libsignal/node_modules/protobufjs Completed in 1156ms
268 http fetch GET 200 https://registry.npmjs.org/safe-eval 1013ms (cache miss)
269 timing metavuln:packument:safe-eval Completed in 1014ms
270 timing metavuln:load:security-advisory:safe-eval:1082532 Completed in 0ms
271 timing metavuln:load:security-advisory:safe-eval:1082853 Completed in 0ms
272 http fetch GET 200 https://registry.npmjs.org/trim 1015ms (cache miss)
273 timing metavuln:packument:trim Completed in 1016ms
274 timing metavuln:load:security-advisory:trim:1070259 Completed in 0ms
275 http fetch GET 200 https://registry.npmjs.org/url-regex 1019ms (cache miss)
276 timing metavuln:packument:url-regex Completed in 1021ms
277 timing metavuln:load:security-advisory:url-regex:1069365 Completed in 0ms
278 timing metavuln:cache:put:security-advisory:safe-eval:SOR+wvbzUaNq7Rh2N6AZaEyb5Xhzdj/cBNg7d30adpZrfRwxMDBjEiu6mUsy8cjATFWAzr59qvlaUzqlaOB45Q== Completed in 12ms
279 timing metavuln:calculate:security-advisory:safe-eval:1082532 Completed in 1026ms
280 timing metavuln:cache:put:security-advisory:safe-eval:shsO0NfnWYb+48cZZuTe8acrmILr27Jnx4S2ClOobS5Fka5wP05J4kQQgYQKiN3/4hw2vcyzils1dgunVT9meA== Completed in 11ms
281 timing metavuln:calculate:security-advisory:safe-eval:1082853 Completed in 1025ms
282 timing metavuln:cache:put:security-advisory:trim:4dW2LveomrMg5KapPeHD0MLKFDN6LSwHuP3Lyq8fyBd+QyHGMqoqnjj+effUNG/F0QV84gmSB+WBjnMBomTxyQ== Completed in 10ms
283 timing metavuln:calculate:security-advisory:trim:1070259 Completed in 1026ms
284 timing metavuln:cache:put:security-advisory:url-regex:JuqsY7kbIIJCJr7J9ZHgX4zCYpe12QvZJJherJc4xKYz1K/sRiX5bKHRkADtcaCwixniHsNGpq8r7RIgQV6H0Q== Completed in 20ms
285 timing metavuln:calculate:security-advisory:url-regex:1069365 Completed in 1041ms
286 http fetch GET 200 https://registry.npmjs.org/engine.io 1064ms (cache miss)
287 timing metavuln:packument:engine.io Completed in 1066ms
288 timing metavuln:load:security-advisory:engine.io:1085164 Completed in 6ms
289 timing metavuln:cache:put:security-advisory:engine.io:eWOSSfoip58mG1TNkS3MMq/LZHwQHmVPn/TKXtyR3O4x/ffxvtoBqzGhCiH3BI9hrYBaFrflMMdp93OeDTIXNw== Completed in 25ms
290 timing metavuln:calculate:security-advisory:engine.io:1085164 Completed in 1097ms
291 timing metavuln:cache:get:security-advisory:socket.io:vaRyRTwvVERVHB1W5C4ZHKTsx3uTa0TV3a73Jr1K2exVyNSt1+xZB9sdWopgGor5HduOFTEa1obJ102TrOs9TA== Completed in 2ms
292 http fetch GET 200 https://registry.npmjs.org/@mapbox/node-pre-gyp/-/node-pre-gyp-1.0.9.tgz 1476ms (cache miss)
293 timing reifyNode:node_modules/@mapbox/node-pre-gyp Completed in 1515ms
294 http fetch GET 200 https://registry.npmjs.org/canvacord/-/canvacord-5.4.3.tgz 1434ms (cache miss)
295 timing reifyNode:node_modules/canvacord Completed in 1516ms
296 http fetch GET 200 https://registry.npmjs.org/socket.io 36ms (cache miss)
297 timing metavuln:packument:socket.io Completed in 38ms
298 timing metavuln:load:security-advisory:socket.io:eWOSSfoip58mG1TNkS3MMq/LZHwQHmVPn/TKXtyR3O4x/ffxvtoBqzGhCiH3BI9hrYBaFrflMMdp93OeDTIXNw== Completed in 73ms
299 timing metavuln:cache:put:security-advisory:socket.io:vaRyRTwvVERVHB1W5C4ZHKTsx3uTa0TV3a73Jr1K2exVyNSt1+xZB9sdWopgGor5HduOFTEa1obJ102TrOs9TA== Completed in 5ms
300 timing metavuln:calculate:security-advisory:socket.io:eWOSSfoip58mG1TNkS3MMq/LZHwQHmVPn/TKXtyR3O4x/ffxvtoBqzGhCiH3BI9hrYBaFrflMMdp93OeDTIXNw== Completed in 117ms
301 timing metavuln:cache:get:security-advisory:@jimp/jpeg:hyibiGbnVbMVQZKfp4ZzVsYmQQpEG858L02t1PZZMllAlUGFgHtntYRbPj+L/pT7FOfD2CG8IxG+vJPplSz0iQ== Completed in 2ms
302 http fetch GET 200 https://registry.npmjs.org/@jimp%2fjpeg 230ms (cache miss)
303 timing metavuln:packument:@jimp/jpeg Completed in 231ms
304 timing metavuln:load:security-advisory:@jimp/jpeg:l7EZzFwRSuAHDc2oAXy38TevUk3/A6abdGY7hE51kN1nB0s24IxmjU2+FW4dOUW/cEmdWMXb9z5luSYBkJrulw== Completed in 8ms
305 timing metavuln:cache:put:security-advisory:@jimp/jpeg:hyibiGbnVbMVQZKfp4ZzVsYmQQpEG858L02t1PZZMllAlUGFgHtntYRbPj+L/pT7FOfD2CG8IxG+vJPplSz0iQ== Completed in 3ms
306 timing metavuln:calculate:security-advisory:@jimp/jpeg:l7EZzFwRSuAHDc2oAXy38TevUk3/A6abdGY7hE51kN1nB0s24IxmjU2+FW4dOUW/cEmdWMXb9z5luSYBkJrulw== Completed in 245ms
307 timing metavuln:cache:get:security-advisory:translate-google:vvoN1UU5PXe/LRTSJQRVfIIwzYlx4DyFpzZ2Ex3dZ2HRzlKCsQqn4sKqMN5ZLrVdPL6IYc4MU24M/Vxqtj/26w== Completed in 1ms
308 http fetch GET 200 https://registry.npmjs.org/@napi-rs/canvas-linux-x64-musl/-/canvas-linux-x64-musl-0.1.25.tgz 1847ms (cache miss)
309 timing reifyNode:node_modules/@napi-rs/canvas-linux-x64-musl Completed in 1885ms
310 timing reify:unpack Completed in 1886ms
311 timing reify:unretire Completed in 57ms
312 timing build:queue Completed in 3ms
313 timing build:link:node_modules/@mapbox/node-pre-gyp Completed in 14ms
314 timing build:link:node_modules/acorn Completed in 13ms
315 timing build:link:node_modules/canvacord Completed in 13ms
316 timing build:link:node_modules/cfonts Completed in 13ms
317 timing build:link:node_modules/color-support Completed in 13ms
318 timing build:link:node_modules/dot-json Completed in 13ms
319 timing build:link:node_modules/escodegen Completed in 13ms
320 timing build:link:node_modules/esprima Completed in 13ms
321 timing build:link:node_modules/google-it Completed in 13ms
322 timing build:link:node_modules/he Completed in 13ms
323 timing build:link:node_modules/html-to-text Completed in 12ms
324 timing build:link:node_modules/image-size Completed in 12ms
325 timing build:link:node_modules/levenshtein-edit-distance Completed in 12ms
326 timing build:link:node_modules/lyrics-finder Completed in 12ms
327 timing build:link:node_modules/mime Completed in 13ms
328 timing build:link:node_modules/mkdirp Completed in 13ms
329 timing build:link:node_modules/node-fzf Completed in 13ms
330 timing build:link:node_modules/node-gtts Completed in 13ms
331 timing build:link:node_modules/node-gyp-build Completed in 13ms
332 timing build:link:node_modules/nopt Completed in 13ms
333 timing build:link:node_modules/pino Completed in 13ms
334 timing build:link:node_modules/pino-pretty Completed in 13ms
335 timing build:link:node_modules/pixelmatch Completed in 12ms
336 timing build:link:node_modules/prebuild-install Completed in 12ms
337 timing build:link:node_modules/protobufjs Completed in 12ms
338 timing build:link:node_modules/qrcode Completed in 12ms
339 timing build:link:node_modules/qrcode-terminal Completed in 12ms
340 timing build:link:node_modules/rc Completed in 12ms
341 timing build:link:node_modules/rimraf Completed in 12ms
342 timing build:link:node_modules/semver Completed in 12ms
343 timing build:link:node_modules/similarity Completed in 12ms
344 timing build:link:node_modules/sshpk Completed in 12ms
345 timing build:link:node_modules/tlds Completed in 12ms
346 timing build:link:node_modules/uuid Completed in 12ms
347 timing build:link:node_modules/which Completed in 12ms
348 timing build:link:node_modules/window-size Completed in 12ms
349 timing build:link:node_modules/yt-search Completed in 12ms
350 timing build:link:node_modules/acorn-globals/node_modules/acorn Completed in 12ms
351 timing build:link:node_modules/acorn-node/node_modules/acorn Completed in 11ms
352 timing build:link:node_modules/cross-spawn/node_modules/which Completed in 11ms
353 timing build:link:node_modules/libsignal/node_modules/protobufjs Completed in 11ms
354 timing build:link:node_modules/make-dir/node_modules/semver Completed in 11ms
355 timing build:link:node_modules/superagent/node_modules/mime Completed in 11ms
356 timing build:link:node_modules/tar/node_modules/mkdirp Completed in 11ms
357 timing build:link Completed in 15ms
358 info run @napi-rs/canvas-linux-x64-musl@0.1.25 install node_modules/@napi-rs/canvas-linux-x64-musl node install.js
359 info run @napi-rs/canvas-linux-x64-musl@0.1.25 install { code: 1, signal: null }
360 verbose reify failed optional dependency /home/container/node_modules/@napi-rs/canvas-linux-x64-musl
361 silly reify mark deleted [ '/home/container/node_modules/@napi-rs/canvas-linux-x64-musl' ]
362 timing build:run:install:node_modules/@napi-rs/canvas-linux-x64-musl Completed in 78ms
363 timing build:run:install Completed in 79ms
364 info run canvacord@5.4.3 postinstall node_modules/canvacord node scripts/postinstall.mjs
365 info run protobufjs@6.11.3 postinstall node_modules/protobufjs node scripts/postinstall
366 info run protobufjs@6.8.8 postinstall node_modules/libsignal/node_modules/protobufjs node scripts/postinstall
367 info run protobufjs@6.11.3 postinstall { code: 0, signal: null }
368 timing build:run:postinstall:node_modules/protobufjs Completed in 205ms
369 info run protobufjs@6.8.8 postinstall { code: 0, signal: null }
370 timing build:run:postinstall:node_modules/libsignal/node_modules/protobufjs Completed in 209ms
371 http fetch GET 200 https://registry.npmjs.org/translate-google 922ms (cache miss)
372 timing metavuln:packument:translate-google Completed in 922ms
373 timing metavuln:load:security-advisory:translate-google:SOR+wvbzUaNq7Rh2N6AZaEyb5Xhzdj/cBNg7d30adpZrfRwxMDBjEiu6mUsy8cjATFWAzr59qvlaUzqlaOB45Q== Completed in 1ms
374 timing metavuln:cache:put:security-advisory:translate-google:vvoN1UU5PXe/LRTSJQRVfIIwzYlx4DyFpzZ2Ex3dZ2HRzlKCsQqn4sKqMN5ZLrVdPL6IYc4MU24M/Vxqtj/26w== Completed in 1ms
375 timing metavuln:calculate:security-advisory:translate-google:SOR+wvbzUaNq7Rh2N6AZaEyb5Xhzdj/cBNg7d30adpZrfRwxMDBjEiu6mUsy8cjATFWAzr59qvlaUzqlaOB45Q== Completed in 926ms
376 timing metavuln:cache:get:security-advisory:num-or-not:bxemUrLrbK/k4DRldO+bnMvnt9uZc3Vsw7IUS2VafVpb4p6bQGGzUyynMSK9xQSL1DLRC1Emg5nEjmI7G34yYQ== Completed in 3ms
377 http fetch GET 200 https://registry.npmjs.org/num-or-not 906ms (cache miss)
378 timing metavuln:packument:num-or-not Completed in 908ms
379 timing metavuln:load:security-advisory:num-or-not:4dW2LveomrMg5KapPeHD0MLKFDN6LSwHuP3Lyq8fyBd+QyHGMqoqnjj+effUNG/F0QV84gmSB+WBjnMBomTxyQ== Completed in 1ms
380 timing metavuln:cache:put:security-advisory:num-or-not:bxemUrLrbK/k4DRldO+bnMvnt9uZc3Vsw7IUS2VafVpb4p6bQGGzUyynMSK9xQSL1DLRC1Emg5nEjmI7G34yYQ== Completed in 4ms
381 timing metavuln:calculate:security-advisory:num-or-not:4dW2LveomrMg5KapPeHD0MLKFDN6LSwHuP3Lyq8fyBd+QyHGMqoqnjj+effUNG/F0QV84gmSB+WBjnMBomTxyQ== Completed in 913ms
382 timing metavuln:cache:get:security-advisory:@jimp/types:7Jv/0T6NLozH9QOOLxU4xs4TnjDJYHDIQTyalZHwFuY4MJPCN+/SEwFy7BlwqhXAOCewTSE+j/LNMFAGRxWGHQ== Completed in 15ms
383 info run canvacord@5.4.3 postinstall { code: 0, signal: null }
384 timing build:run:postinstall:node_modules/canvacord Completed in 1831ms
385 timing build:run:postinstall Completed in 1831ms
386 timing build:deps Completed in 1929ms
387 timing build Completed in 1930ms
388 timing reify:build Completed in 1930ms
389 timing reify:trash Completed in 120ms
390 timing reify:save Completed in 288ms
391 http fetch GET 200 https://registry.npmjs.org/@jimp%2ftypes 2002ms (cache miss)
392 timing metavuln:packument:@jimp/types Completed in 2007ms
393 timing metavuln:load:security-advisory:@jimp/types:hyibiGbnVbMVQZKfp4ZzVsYmQQpEG858L02t1PZZMllAlUGFgHtntYRbPj+L/pT7FOfD2CG8IxG+vJPplSz0iQ== Completed in 84ms
394 timing metavuln:cache:put:security-advisory:@jimp/types:7Jv/0T6NLozH9QOOLxU4xs4TnjDJYHDIQTyalZHwFuY4MJPCN+/SEwFy7BlwqhXAOCewTSE+j/LNMFAGRxWGHQ== Completed in 8ms
395 timing metavuln:calculate:security-advisory:@jimp/types:hyibiGbnVbMVQZKfp4ZzVsYmQQpEG858L02t1PZZMllAlUGFgHtntYRbPj+L/pT7FOfD2CG8IxG+vJPplSz0iQ== Completed in 2106ms
396 timing metavuln:cache:get:security-advisory:translate-google:0ddNCpMoDu+Nss5WXghGloSHB3Y7OzD3s/mEdAeUYdFBIFOkqz3ZUQ3SoRsCADejzTbOxRycnKSCEI4aLgw5LA== Completed in 0ms
397 timing metavuln:load:security-advisory:translate-google:bxemUrLrbK/k4DRldO+bnMvnt9uZc3Vsw7IUS2VafVpb4p6bQGGzUyynMSK9xQSL1DLRC1Emg5nEjmI7G34yYQ== Completed in 1ms
398 timing metavuln:cache:put:security-advisory:translate-google:0ddNCpMoDu+Nss5WXghGloSHB3Y7OzD3s/mEdAeUYdFBIFOkqz3ZUQ3SoRsCADejzTbOxRycnKSCEI4aLgw5LA== Completed in 2ms
399 timing metavuln:calculate:security-advisory:translate-google:bxemUrLrbK/k4DRldO+bnMvnt9uZc3Vsw7IUS2VafVpb4p6bQGGzUyynMSK9xQSL1DLRC1Emg5nEjmI7G34yYQ== Completed in 3ms
400 timing auditReport:init Completed in 5414ms
401 timing reify:audit Completed in 5842ms
402 timing reify Completed in 7516ms
403 silly ADD
404 silly ADD
405 silly ADD
406 silly ADD
407 silly ADD
408 silly ADD
409 silly ADD
410 silly ADD
411 silly CHANGE node_modules/sshpk
412 silly CHANGE node_modules/@mapbox/node-pre-gyp
413 silly CHANGE node_modules/yt-search
414 silly CHANGE node_modules/window-size
415 silly CHANGE node_modules/which
416 silly CHANGE node_modules/uuid
417 silly CHANGE node_modules/tlds
418 silly CHANGE node_modules/tar/node_modules/mkdirp
419 silly CHANGE node_modules/superagent/node_modules/mime
420 silly CHANGE node_modules/similarity
421 silly CHANGE node_modules/semver
422 silly CHANGE node_modules/rimraf
423 silly CHANGE node_modules/rc
424 silly CHANGE node_modules/qrcode-terminal
425 silly CHANGE node_modules/qrcode
426 silly CHANGE node_modules/protobufjs
427 silly CHANGE node_modules/prebuild-install
428 silly CHANGE node_modules/pixelmatch
429 silly CHANGE node_modules/pino-pretty
430 silly CHANGE node_modules/pino
431 silly CHANGE node_modules/nopt
432 silly CHANGE node_modules/node-gyp-build
433 silly CHANGE node_modules/node-gtts
434 silly CHANGE node_modules/node-fzf
435 silly CHANGE node_modules/mkdirp
436 silly CHANGE node_modules/mime
437 silly CHANGE node_modules/make-dir/node_modules/semver
438 silly CHANGE node_modules/lyrics-finder
439 silly CHANGE node_modules/libsignal/node_modules/protobufjs
440 silly CHANGE node_modules/levenshtein-edit-distance
441 silly CHANGE node_modules/image-size
442 silly CHANGE node_modules/html-to-text
443 silly CHANGE node_modules/he
444 silly CHANGE node_modules/google-it
445 silly CHANGE node_modules/esprima
446 silly CHANGE node_modules/escodegen
447 silly CHANGE node_modules/dot-json
448 silly CHANGE node_modules/cross-spawn/node_modules/which
449 silly CHANGE node_modules/color-support
450 silly CHANGE node_modules/cfonts
451 silly CHANGE node_modules/canvacord
452 silly CHANGE node_modules/acorn-node/node_modules/acorn
453 silly CHANGE node_modules/acorn-globals/node_modules/acorn
454 silly CHANGE node_modules/acorn
455 timing command:install Completed in 7543ms
456 verbose exit 0
457 timing npm Completed in 7595ms
458 info ok
