0 verbose cli /usr/local/bin/node /usr/local/bin/npm
1 info using npm@9.2.0
2 info using node@v18.12.1
3 timing npm:load:whichnode Completed in 1ms
4 timing config:load:defaults Completed in 1ms
5 timing config:load:file:/usr/local/lib/node_modules/npm/npmrc Completed in 20ms
6 timing config:load:builtin Completed in 20ms
7 timing config:load:cli Completed in 2ms
8 timing config:load:env Completed in 0ms
9 timing config:load:project Completed in 4ms
10 timing config:load:file:/home/container/.npmrc Completed in 0ms
11 timing config:load:user Completed in 0ms
12 timing config:load:file:/usr/local/etc/npmrc Completed in 0ms
13 timing config:load:global Completed in 0ms
14 timing config:load:setEnvs Completed in 1ms
15 timing config:load Completed in 29ms
16 timing npm:load:configload Completed in 29ms
17 timing npm:load:mkdirpcache Completed in 0ms
18 timing npm:load:mkdirplogs Completed in 1ms
19 verbose title npm install
20 verbose argv "install"
21 timing npm:load:setTitle Completed in 1ms
22 timing config:load:flatten Completed in 2ms
23 timing npm:load:display Completed in 3ms
24 verbose logfile logs-max:10 dir:/home/container/.npm/_logs/2022-12-18T17_45_51_295Z-
25 verbose logfile /home/container/.npm/_logs/2022-12-18T17_45_51_295Z-debug-0.log
26 timing npm:load:logFile Completed in 5ms
27 timing npm:load:timers Completed in 0ms
28 timing npm:load:configScope Completed in 0ms
29 timing npm:load Completed in 40ms
30 silly logfile done cleaning log files
31 timing config:load:flatten Completed in 0ms
32 timing arborist:ctor Completed in 1ms
33 timing idealTree:init Completed in 698ms
34 timing idealTree:userRequests Completed in 0ms
35 silly idealTree buildDeps
36 timing idealTree:#root Completed in 0ms
37 timing idealTree:buildDeps Completed in 2ms
38 timing idealTree:fixDepFlags Completed in 0ms
39 timing idealTree Completed in 718ms
40 timing arborist:ctor Completed in 0ms
41 timing reify:loadTrees Completed in 1194ms
42 timing reify:diffTrees Completed in 20ms
43 silly reify moves {}
44 timing reify:retireShallow Completed in 1ms
45 timing reify:createSparse Completed in 2ms
46 timing reify:loadBundles Completed in 0ms
47 silly audit bulk request {
47 silly audit   '@adiwajshing/baileys': [ '4.4.0' ],
47 silly audit   '@assemblyscript/loader': [ '0.10.1' ],
47 silly audit   '@babel/runtime': [ '7.18.9' ],
47 silly audit   '@bochilteam/scraper': [ '3.0.0' ],
47 silly audit   '@hapi/boom': [ '9.1.4' ],
47 silly audit   '@hapi/hoek': [ '9.3.0' ],
47 silly audit   '@jimp/bmp': [ '0.16.1', '0.14.0' ],
47 silly audit   '@jimp/core': [ '0.16.1', '0.14.0' ],
47 silly audit   'file-type': [ '9.0.0', '17.1.4', '16.5.4' ],
47 silly audit   '@jimp/custom': [ '0.16.1', '0.14.0' ],
47 silly audit   '@jimp/gif': [ '0.16.1', '0.14.0' ],
47 silly audit   '@jimp/jpeg': [ '0.16.1', '0.14.0' ],
47 silly audit   '@jimp/plugin-blit': [ '0.16.1', '0.14.0' ],
47 silly audit   '@jimp/plugin-blur': [ '0.16.1', '0.14.0' ],
47 silly audit   '@jimp/plugin-circle': [ '0.16.1', '0.14.0' ],
47 silly audit   '@jimp/plugin-color': [ '0.16.1', '0.14.0' ],
47 silly audit   '@jimp/plugin-contain': [ '0.16.1', '0.14.0' ],
47 silly audit   '@jimp/plugin-cover': [ '0.16.1', '0.14.0' ],
47 silly audit   '@jimp/plugin-crop': [ '0.16.1', '0.14.0' ],
47 silly audit   '@jimp/plugin-displace': [ '0.16.1', '0.14.0' ],
47 silly audit   '@jimp/plugin-dither': [ '0.16.1', '0.14.0' ],
47 silly audit   '@jimp/plugin-fisheye': [ '0.16.1', '0.14.0' ],
47 silly audit   '@jimp/plugin-flip': [ '0.16.1', '0.14.0' ],
47 silly audit   '@jimp/plugin-gaussian': [ '0.16.1', '0.14.0' ],
47 silly audit   '@jimp/plugin-invert': [ '0.16.1', '0.14.0' ],
47 silly audit   '@jimp/plugin-mask': [ '0.16.1', '0.14.0' ],
47 silly audit   '@jimp/plugin-normalize': [ '0.16.1', '0.14.0' ],
47 silly audit   '@jimp/plugin-print': [ '0.16.1', '0.14.0' ],
47 silly audit   '@jimp/plugin-resize': [ '0.16.1', '0.14.0' ],
47 silly audit   '@jimp/plugin-rotate': [ '0.16.1', '0.14.0' ],
47 silly audit   '@jimp/plugin-scale': [ '0.16.1', '0.14.0' ],
47 silly audit   '@jimp/plugin-shadow': [ '0.16.1', '0.14.0' ],
47 silly audit   '@jimp/plugin-threshold': [ '0.16.1', '0.14.0' ],
47 silly audit   '@jimp/plugins': [ '0.16.1', '0.14.0' ],
47 silly audit   '@jimp/png': [ '0.16.1', '0.14.0' ],
47 silly audit   '@jimp/tiff': [ '0.16.1', '0.14.0' ],
47 silly audit   '@jimp/types': [ '0.16.1', '0.14.0' ],
47 silly audit   '@jimp/utils': [ '0.16.1', '0.14.0' ],
47 silly audit   '@mapbox/node-pre-gyp': [ '1.0.9' ],
47 silly audit   'node-fetch': [ '2.6.7', '3.2.10' ],
47 silly audit   tr46: [ '0.0.3', '2.1.0', '3.0.0' ],
47 silly audit   'webidl-conversions': [ '3.0.1', '5.0.0', '6.1.0', '7.0.0' ],
47 silly audit   'whatwg-url': [ '5.0.0', '11.0.0', '9.1.0', '10.0.0' ],
47 silly audit   '@napi-rs/canvas': [ '0.1.25' ],
47 silly audit   '@napi-rs/canvas-android-arm64': [ '0.1.25' ],
47 silly audit   '@napi-rs/canvas-darwin-arm64': [ '0.1.25' ],
47 silly audit   '@napi-rs/canvas-darwin-x64': [ '0.1.25' ],
47 silly audit   '@napi-rs/canvas-linux-arm-gnueabihf': [ '0.1.25' ],
47 silly audit   '@napi-rs/canvas-linux-arm64-gnu': [ '0.1.25' ],
47 silly audit   '@napi-rs/canvas-linux-arm64-musl': [ '0.1.25' ],
47 silly audit   '@napi-rs/canvas-linux-x64-gnu': [ '0.1.25' ],
47 silly audit   '@napi-rs/canvas-linux-x64-musl': [ '0.1.25' ],
47 silly audit   '@napi-rs/canvas-win32-x64-msvc': [ '0.1.25' ],
47 silly audit   '@protobufjs/aspromise': [ '1.1.2' ],
47 silly audit   '@protobufjs/base64': [ '1.1.2' ],
47 silly audit   '@protobufjs/codegen': [ '2.0.4' ],
47 silly audit   '@protobufjs/eventemitter': [ '1.1.0' ],
47 silly audit   '@protobufjs/fetch': [ '1.1.0' ],
47 silly audit   '@protobufjs/float': [ '1.0.2' ],
47 silly audit   '@protobufjs/inquire': [ '1.1.0' ],
47 silly audit   '@protobufjs/path': [ '1.1.2' ],
47 silly audit   '@protobufjs/pool': [ '1.1.0' ],
47 silly audit   '@protobufjs/utf8': [ '1.1.0' ],
47 silly audit   '@sindresorhus/is': [ '4.6.0' ],
47 silly audit   '@skyra/gifenc': [ '1.0.0' ],
47 silly audit   '@szmarczak/http-timer': [ '4.0.6' ],
47 silly audit   '@tokenizer/token': [ '0.3.0' ],
47 silly audit   '@tootallnate/once': [ '2.0.0', '1.1.2' ],
47 silly audit   '@types/cacheable-request': [ '6.0.2' ],
47 silly audit   '@types/component-emitter': [ '1.2.11' ],
47 silly audit   '@types/cookie': [ '0.4.1' ],
47 silly audit   '@types/cors': [ '2.8.12' ],
47 silly audit   '@types/http-cache-semantics': [ '4.0.1' ],
47 silly audit   '@types/json-buffer': [ '3.0.0' ],
47 silly audit   '@types/keyv': [ '3.1.4' ],
47 silly audit   '@types/long': [ '4.0.2' ],
47 silly audit   '@types/node': [ '18.6.3', '16.9.1', '10.17.60' ],
47 silly audit   '@types/responselike': [ '1.0.0' ],
47 silly audit   '@types/webidl-conversions': [ '6.1.1' ],
47 silly audit   '@types/whatwg-url': [ '8.2.2' ],
47 silly audit   abab: [ '2.0.6' ],
47 silly audit   abbrev: [ '1.1.1' ],
47 silly audit   'abort-controller': [ '3.0.0' ],
47 silly audit   accepts: [ '1.3.8' ],
47 silly audit   acorn: [ '8.8.0', '7.4.1' ],
47 silly audit   'acorn-globals': [ '6.0.0' ],
47 silly audit   'acorn-node': [ '1.8.2' ],
47 silly audit   'acorn-walk': [ '7.2.0' ],
47 silly audit   'agent-base': [ '6.0.2' ],
47 silly audit   debug: [ '4.3.4', '2.6.9' ],
47 silly audit   ms: [ '2.1.2', '2.1.3', '2.0.0' ],
47 silly audit   ajv: [ '6.12.6' ],
47 silly audit   'ansi-escapes': [ '4.3.2', '5.0.0' ],
47 silly audit   'ansi-regex': [ '5.0.1', '2.1.1', '3.0.1' ],
47 silly audit   'ansi-styles': [ '4.3.0', '3.2.1' ],
47 silly audit   'any-base': [ '1.1.0' ],
47 silly audit   'app-path': [ '4.0.0' ],
47 silly audit   aproba: [ '2.0.0' ],
47 silly audit   'are-we-there-yet': [ '2.0.0' ],
47 silly audit   'readable-stream': [ '3.6.0', '2.3.7' ],
47 silly audit   args: [ '5.0.3' ],
47 silly audit   chalk: [ '2.4.2', '4.1.2', '5.0.1', '3.0.0' ],
47 silly audit   'color-convert': [ '1.9.3', '2.0.1' ],
47 silly audit   'color-name': [ '1.1.3', '1.1.4' ],
47 silly audit   'array-back': [ '3.1.0' ],
47 silly audit   'array-flatten': [ '1.1.1' ],
47 silly audit   'array-range': [ '1.0.1' ],
47 silly audit   asn1: [ '0.2.6' ],
47 silly audit   'assert-plus': [ '1.0.0' ],
47 silly audit   'astral-regex': [ '2.0.0' ],
47 silly audit   async: [ '3.2.4', '2.6.4' ],
47 silly audit   'async.parallellimit': [ '0.5.2' ],
47 silly audit   'async.util.eachoflimit': [ '0.5.2' ],
47 silly audit   'async.util.isarray': [ '0.5.2' ],
47 silly audit   'async.util.isarraylike': [ '0.5.2' ],
47 silly audit   'async.util.keyiterator': [ '0.5.2' ],
47 silly audit   'async.util.keys': [ '0.5.2' ],
47 silly audit   'async.util.noop': [ '0.5.2' ],
47 silly audit   'async.util.once': [ '0.5.2' ],
47 silly audit   'async.util.onlyonce': [ '0.5.2' ],
47 silly audit   'async.util.parallel': [ '0.5.2' ],
47 silly audit   'async.util.restparam': [ '0.5.2' ],
47 silly audit   asynckit: [ '0.4.0' ],
47 silly audit   'atomic-sleep': [ '1.0.0' ],
47 silly audit   'awesome-phonenumber': [ '2.73.0' ],
47 silly audit   'aws-sign2': [ '0.7.0' ],
47 silly audit   aws4: [ '1.11.0' ],
47 silly audit   axios: [ '0.24.0', '0.21.4' ],
47 silly audit   'balanced-match': [ '1.0.2' ],
47 silly audit   'base64-js': [ '1.5.1' ],
47 silly audit   base64id: [ '2.0.0' ],
47 silly audit   'bcrypt-pbkdf': [ '1.0.2' ],
47 silly audit   bl: [ '4.1.0' ],
47 silly audit   'bmp-js': [ '0.1.0' ],
47 silly audit   'body-parser': [ '1.20.0' ],
47 silly audit   qs: [ '6.10.3', '6.11.0', '6.5.3' ],
47 silly audit   boolbase: [ '1.0.0' ],
47 silly audit   boolstring: [ '1.0.2' ],
47 silly audit   'brace-expansion': [ '1.1.11' ],
47 silly audit   'brainly-scraper-v2': [ '2.0.13' ],
47 silly audit   'browser-process-hrtime': [ '1.0.0' ],
47 silly audit   bson: [ '4.6.5' ],
47 silly audit   buffer: [ '5.7.1' ],
47 silly audit   'buffer-equal': [ '0.0.1' ],
47 silly audit   bytes: [ '3.1.2' ],
47 silly audit   'cacheable-lookup': [ '5.0.4' ],
47 silly audit   'cacheable-request': [ '7.0.2' ],
47 silly audit   'call-bind': [ '1.0.2' ],
47 silly audit   camelcase: [ '5.0.0' ],
47 silly audit   canvacord: [ '5.4.3' ],
47 silly audit   canvas: [ '2.9.3' ],
47 silly audit   caseless: [ '0.12.0' ],
47 silly audit   cfonts: [ '2.10.1' ],
47 silly audit   'has-flag': [ '4.0.0', '3.0.0' ],
47 silly audit   'supports-color': [ '7.2.0', '5.5.0' ],
47 silly audit   cheerio: [ '1.0.0-rc.12', '1.0.0-rc.11' ],
47 silly audit   'cheerio-select': [ '2.1.0' ],
47 silly audit   chownr: [ '2.0.0', '1.1.4' ],
47 silly audit   'cli-color': [ '1.2.0' ],
47 silly audit   'cli-cursor': [ '3.1.0' ],
47 silly audit   'cli-spinners': [ '2.7.0' ],
47 silly audit   cliui: [ '7.0.4', '6.0.0' ],
47 silly audit   'wrap-ansi': [ '7.0.0', '6.2.0' ],
47 silly audit   clone: [ '2.1.2', '1.0.4' ],
47 silly audit   'clone-response': [ '1.0.3' ],
47 silly audit   color: [ '4.2.3' ],
47 silly audit   'color-string': [ '1.9.1' ],
47 silly audit   'color-support': [ '1.1.3' ],
47 silly audit   colorette: [ '2.0.19' ],
47 silly audit   colors: [ '1.4.0' ],
47 silly audit   'combined-stream': [ '1.0.8' ],
47 silly audit   'command-line-args': [ '5.2.1' ],
47 silly audit   'component-emitter': [ '1.3.0' ],
47 silly audit   'compress-brotli': [ '1.3.8' ],
47 silly audit   'concat-map': [ '0.0.1' ],
47 silly audit   configstore: [ '6.0.0' ],
47 silly audit   'console-control-strings': [ '1.1.0' ],
47 silly audit   'content-disposition': [ '0.5.4' ],
47 silly audit   'content-type': [ '1.0.4' ],
47 silly audit   cookie: [ '0.5.0', '0.4.2' ],
47 silly audit   'cookie-signature': [ '1.0.6' ],
47 silly audit   cookiejar: [ '2.1.3' ],
47 silly audit   'core-util-is': [ '1.0.3', '1.0.2' ],
47 silly audit   cors: [ '2.8.5' ],
47 silly audit   'cross-fetch': [ '3.1.5' ],
47 silly audit   'cross-spawn': [ '7.0.3' ],
47 silly audit   which: [ '2.0.2', '1.3.1' ],
47 silly audit   crypto: [ '1.0.1' ],
47 silly audit   'crypto-random-string': [ '4.0.0' ],
47 silly audit   'type-fest': [ '1.4.0', '0.21.3' ],
47 silly audit   'css-select': [ '5.1.0' ],
47 silly audit   'css-what': [ '6.1.0' ],
47 silly audit   cssom: [ '0.5.0', '0.3.8' ],
47 silly audit   cssstyle: [ '2.3.0' ],
47 silly audit   'curve25519-js': [ '0.0.4' ],
47 silly audit   cycled: [ '1.2.0' ],
47 silly audit   d: [ '1.0.1' ],
47 silly audit   dashdash: [ '1.14.1' ],
47 silly audit   dasu: [ '0.4.3' ],
47 silly audit   'data-uri-to-buffer': [ '4.0.0' ],
47 silly audit   'data-urls': [ '3.0.2' ],
47 silly audit   dateformat: [ '4.6.3' ],
47 silly audit   decamelize: [ '1.2.0' ],
47 silly audit   'decimal.js': [ '10.3.1' ],
47 silly audit   'decode-gif': [ '1.0.1' ],
47 silly audit   'decompress-response': [ '6.0.0', '4.2.1' ],
47 silly audit   'mimic-response': [ '3.1.0', '1.0.1', '2.1.0' ],
47 silly audit   'deep-extend': [ '0.6.0' ],
47 silly audit   'deep-is': [ '0.1.4' ],
47 silly audit   defaults: [ '1.0.3' ],
47 silly audit   'defer-to-connect': [ '2.0.1' ],
47 silly audit   'define-property': [ '1.0.0' ],
47 silly audit   delay: [ '4.4.1' ],
47 silly audit   'delayed-stream': [ '1.0.0' ],
47 silly audit   delegates: [ '1.0.0' ],
47 silly audit   denque: [ '2.1.0' ],
47 silly audit   depd: [ '2.0.0' ],
47 silly audit   destroy: [ '1.2.0' ],
47 silly audit   'detect-indent': [ '6.0.0' ],
47 silly audit   'detect-libc': [ '2.0.1' ],
47 silly audit   dijkstrajs: [ '1.0.2' ],
47 silly audit   docopt: [ '0.6.2' ],
47 silly audit   'dom-serializer': [ '2.0.0', '0.2.2' ],
47 silly audit   'dom-walk': [ '0.1.2' ],
47 silly audit   domelementtype: [ '2.3.0', '1.3.1' ],
47 silly audit   domexception: [ '4.0.0', '2.0.1' ],
47 silly audit   domhandler: [ '5.0.3', '2.4.2' ],
47 silly audit   domutils: [ '3.0.1', '1.7.0' ],
47 silly audit   'dot-json': [ '1.2.2' ],
47 silly audit   'dot-prop': [ '6.0.1' ],
47 silly audit   duplexify: [ '4.1.2' ],
47 silly audit   'ecc-jsbn': [ '0.1.2' ],
47 silly audit   'ee-first': [ '1.1.1' ],
47 silly audit   'emoji-api': [ '2.0.1' ],
47 silly audit   'html-encoding-sniffer': [ '2.0.1', '3.0.0' ],
47 silly audit   'http-proxy-agent': [ '4.0.1', '5.0.0' ],
47 silly audit   jsdom: [ '17.0.0', '19.0.0' ],
47 silly audit   parse5: [ '6.0.1', '7.0.0' ],
47 silly audit   'w3c-xmlserializer': [ '2.0.0', '3.0.0' ],
47 silly audit   'whatwg-encoding': [ '1.0.5', '2.0.0' ],
47 silly audit   'whatwg-mimetype': [ '2.3.0', '3.0.0' ],
47 silly audit   'xml-name-validator': [ '3.0.0', '4.0.0' ],
47 silly audit   'emoji-regex': [ '8.0.0' ],
47 silly audit   'encode-utf8': [ '1.0.3' ],
47 silly audit   encodeurl: [ '1.0.2' ],
47 silly audit   encoding: [ '0.1.13' ],
47 silly audit   'iconv-lite': [ '0.6.3', '0.4.24' ],
47 silly audit   'end-of-stream': [ '1.4.4' ],
47 silly audit   'engine.io': [ '6.2.0' ],
47 silly audit   'engine.io-parser': [ '5.0.4' ],
47 silly audit   ws: [ '8.2.3', '8.8.1' ],
47 silly audit   entities: [ '4.3.1', '2.2.0', '1.1.2' ],
47 silly audit   'es5-ext': [ '0.10.61' ],
47 silly audit   'es6-iterator': [ '2.0.3' ],
47 silly audit   'es6-symbol': [ '3.1.3' ],
47 silly audit   'es6-weak-map': [ '2.0.3' ],
47 silly audit   escalade: [ '3.1.1' ],
47 silly audit   'escape-html': [ '1.0.3' ],
47 silly audit   'escape-string-regexp': [ '1.0.5' ],
47 silly audit   escodegen: [ '2.0.0' ],
47 silly audit   esprima: [ '4.0.1' ],
47 silly audit   estraverse: [ '5.3.0' ],
47 silly audit   esutils: [ '2.0.3' ],
47 silly audit   etag: [ '1.8.1' ],
47 silly audit   'event-emitter': [ '0.3.5' ],
47 silly audit   'event-target-shim': [ '5.0.1' ],
47 silly audit   'eventemitter-asyncresource': [ '1.0.0' ],
47 silly audit   execa: [ '5.1.1' ],
47 silly audit   'get-stream': [ '6.0.1', '5.2.0' ],
47 silly audit   'exif-parser': [ '0.1.12' ],
47 silly audit   'expand-template': [ '2.0.3' ],
47 silly audit   express: [ '4.18.1' ],
47 silly audit   ext: [ '1.6.0' ],
47 silly audit   type: [ '2.6.1', '1.2.0' ],
47 silly audit   extend: [ '3.0.2' ],
47 silly audit   extsprintf: [ '1.3.0' ],
47 silly audit   'fake-useragent': [ '1.0.1' ],
47 silly audit   'fast-deep-equal': [ '3.1.3' ],
47 silly audit   'fast-json-stable-stringify': [ '2.1.0' ],
47 silly audit   'fast-levenshtein': [ '2.0.6' ],
47 silly audit   'fast-redact': [ '3.1.1' ],
47 silly audit   'fast-safe-stringify': [ '2.1.1' ],
47 silly audit   'fetch-blob': [ '3.2.0' ],
47 silly audit   'web-streams-polyfill': [ '3.2.1', '4.0.0-beta.1' ],
47 silly audit   finalhandler: [ '1.2.0' ],
47 silly audit   'find-replace': [ '3.0.0' ],
47 silly audit   'find-up': [ '4.1.0' ],
47 silly audit   'fluent-ffmpeg': [ '2.1.2' ],
47 silly audit   'follow-redirects': [ '1.15.1' ],
47 silly audit   'forever-agent': [ '0.6.1' ],
47 silly audit   'form-data': [ '4.0.0', '2.3.3', '3.0.1' ],
47 silly audit   'formdata-node': [ '4.3.3' ],
47 silly audit   'formdata-polyfill': [ '4.0.10' ],
47 silly audit   formidable: [ '1.2.6' ],
47 silly audit   forwarded: [ '0.2.0' ],
47 silly audit   fresh: [ '0.5.2' ],
47 silly audit   'fs-constants': [ '1.0.0' ],
47 silly audit   'fs-extra': [ '10.1.0' ],
47 silly audit   universalify: [ '2.0.0', '0.1.2' ],
47 silly audit   'fs-minipass': [ '2.1.0' ],
47 silly audit   'fs.realpath': [ '1.0.0' ],
47 silly audit   'function-bind': [ '1.1.1' ],
47 silly audit   'futoin-hkdf': [ '1.5.1' ],
47 silly audit   'g-i-s': [ '2.1.6' ],
47 silly audit   gauge: [ '3.0.2' ],
47 silly audit   'get-caller-file': [ '2.0.5' ],
47 silly audit   'get-intrinsic': [ '1.1.2' ],
47 silly audit   getpass: [ '0.1.7' ],
47 silly audit   gifencoder: [ '2.0.1' ],
47 silly audit   gifwrap: [ '0.9.4' ],
47 silly audit   'github-from-package': [ '0.0.0' ],
47 silly audit   glob: [ '7.2.3' ],
47 silly audit   global: [ '4.4.0' ],
47 silly audit   'google-it': [ '1.6.3' ],
47 silly audit   got: [ '11.8.5' ],
47 silly audit   'graceful-fs': [ '4.2.10' ],
47 silly audit   'har-schema': [ '2.0.0' ],
47 silly audit   'har-validator': [ '5.1.5' ],
47 silly audit   has: [ '1.0.3' ],
47 silly audit   'has-symbols': [ '1.0.3' ],
47 silly audit   'has-unicode': [ '2.0.1' ],
47 silly audit   'hdr-histogram-js': [ '2.0.3' ],
47 silly audit   'hdr-histogram-percentiles-obj': [ '3.0.0' ],
47 silly audit   he: [ '1.2.0' ],
47 silly audit   'html-to-text': [ '5.1.1' ],
47 silly audit   htmlparser2: [ '3.10.1', '8.0.1' ],
47 silly audit   'http-cache-semantics': [ '4.1.0' ],
47 silly audit   'http-errors': [ '2.0.0' ],
47 silly audit   'http-signature': [ '1.2.0' ],
47 silly audit   'http2-wrapper': [ '1.0.3' ],
47 silly audit   'https-proxy-agent': [ '5.0.1' ],
47 silly audit   'human-readable': [ '0.2.1' ],
47 silly audit   'human-signals': [ '2.1.0' ],
47 silly audit   'human-time': [ '0.0.2' ],
47 silly audit   ieee754: [ '1.2.1' ],
47 silly audit   'image-q': [ '4.0.0' ],
47 silly audit   'image-size': [ '1.0.2' ],
47 silly audit   imurmurhash: [ '0.1.4' ],
47 silly audit   inflight: [ '1.0.6' ],
47 silly audit   inherits: [ '2.0.4' ],
47 silly audit   ini: [ '1.3.8' ],
47 silly audit   ip: [ '2.0.0' ],
47 silly audit   'ip-regex': [ '4.3.0' ],
47 silly audit   'ipaddr.js': [ '1.9.1' ],
47 silly audit   'is-accessor-descriptor': [ '1.0.0' ],
47 silly audit   'is-arrayish': [ '0.3.2' ],
47 silly audit   'is-buffer': [ '1.1.6' ],
47 silly audit   'is-data-descriptor': [ '1.0.0' ],
47 silly audit   'is-descriptor': [ '1.0.2' ],
47 silly audit   'is-fullwidth-code-point': [ '3.0.0', '2.0.0' ],
47 silly audit   'is-function': [ '1.0.2' ],
47 silly audit   'is-interactive': [ '1.0.0' ],
47 silly audit   'is-keyword-js': [ '1.0.3' ],
47 silly audit   'is-number': [ '3.0.0' ],
47 silly audit   'kind-of': [ '3.2.2', '6.0.3' ],
47 silly audit   'is-obj': [ '2.0.0' ],
47 silly audit   'is-potential-custom-element-name': [ '1.0.1' ],
47 silly audit   'is-promise': [ '2.2.2' ],
47 silly audit   'is-stream': [ '2.0.1' ],
47 silly audit   'is-typedarray': [ '1.0.0' ],
47 silly audit   'is-url': [ '1.2.4' ],
47 silly audit   isarray: [ '1.0.0' ],
47 silly audit   isexe: [ '2.0.0' ],
47 silly audit   isstream: [ '0.1.2' ],
47 silly audit   'iterm2-version': [ '5.0.0' ],
47 silly audit   jimp: [ '0.16.1', '0.14.0' ],
47 silly audit   joycon: [ '3.1.1' ],
47 silly audit   'jpeg-js': [ '0.4.2' ],
47 silly audit   jsbn: [ '0.1.1' ],
47 silly audit   'json-buffer': [ '3.0.1' ],
47 silly audit   'json-schema': [ '0.4.0' ],
47 silly audit   'json-schema-traverse': [ '0.4.1' ],
47 silly audit   'json-stringify-safe': [ '5.0.1' ],
47 silly audit   jsonfile: [ '6.1.0' ],
47 silly audit   'jsonpath-plus': [ '5.0.7' ],
47 silly audit   jsprim: [ '1.4.2' ],
47 silly audit   kareem: [ '2.4.1' ],
47 silly audit   keypress: [ '0.2.1' ],
47 silly audit   keyv: [ '4.3.3' ],
47 silly audit   leven: [ '2.1.0' ],
47 silly audit   'levenshtein-edit-distance': [ '2.0.5' ],
47 silly audit   levn: [ '0.3.0' ],
47 silly audit   libsignal: [ '2.0.1' ],
47 silly audit   protobufjs: [ '6.8.8', '6.11.3' ],
47 silly audit   'link-preview-js': [ '2.1.19' ],
47 silly audit   'load-bmfont': [ '1.4.1' ],
47 silly audit   'locate-path': [ '5.0.0' ],
47 silly audit   lodash: [ '4.17.21' ],
47 silly audit   'lodash.camelcase': [ '4.3.0' ],
47 silly audit   'lodash.clonedeep': [ '4.5.0' ],
47 silly audit   'lodash.flatten': [ '4.4.0' ],
47 silly audit   'log-symbols': [ '3.0.0' ],
47 silly audit   'log-update': [ '4.0.0' ],
47 silly audit   long: [ '4.0.0' ],
47 silly audit   lowdb: [ '3.0.0' ],
47 silly audit   'lowercase-keys': [ '2.0.0' ],
47 silly audit   'lru-cache': [ '6.0.0' ],
47 silly audit   'lru-queue': [ '0.1.0' ],
47 silly audit   'lyrics-finder': [ '21.7.0' ],
47 silly audit   'make-dir': [ '3.1.0' ],
47 silly audit   semver: [ '6.3.0', '7.3.7' ],
47 silly audit   'media-typer': [ '1.1.0', '0.3.0' ],
47 silly audit   memoizee: [ '0.4.15' ],
47 silly audit   'memory-pager': [ '1.5.0' ],
47 silly audit   'merge-descriptors': [ '1.0.1' ],
47 silly audit   'merge-stream': [ '2.0.0' ],
47 silly audit   methods: [ '1.1.2' ],
47 silly audit   mime: [ '1.6.0', '2.6.0' ],
47 silly audit   'mime-db': [ '1.52.0' ],
47 silly audit   'mime-types': [ '2.1.35' ],
47 silly audit   'mimic-fn': [ '2.1.0' ],
47 silly audit   'min-document': [ '2.19.0' ],
47 silly audit   minimatch: [ '3.1.2', '3.0.8' ],
47 silly audit   minimist: [ '1.2.6' ],
47 silly audit   minipass: [ '3.3.4' ],
47 silly audit   minizlib: [ '2.1.2' ],
47 silly audit   mkdirp: [ '0.5.6', '1.0.4' ],
47 silly audit   'mkdirp-classic': [ '0.5.3' ],
47 silly audit   moment: [ '2.29.4' ],
47 silly audit   'moment-duration-format': [ '2.3.2' ],
47 silly audit   'moment-timezone': [ '0.5.34' ],
47 silly audit   mongodb: [ '4.8.1' ],
47 silly audit   'mongodb-connection-string-url': [ '2.5.3' ],
47 silly audit   mongoose: [ '6.5.0' ],
47 silly audit   mpath: [ '0.9.0' ],
47 silly audit   mquery: [ '4.0.3' ],
47 silly audit   mri: [ '1.1.4' ],
47 silly audit   multistream: [ '2.1.1' ],
47 silly audit   'music-metadata': [ '7.12.5' ],
47 silly audit   'peek-readable': [ '4.1.0', '5.0.0-alpha.5' ],
47 silly audit   strtok3: [ '6.3.0', '7.0.0-alpha.9' ],
47 silly audit   'token-types': [ '4.2.0', '5.0.0-alpha.2' ],
47 silly audit   'mute-stream': [ '0.0.8' ],
47 silly audit   nan: [ '2.16.0' ],
47 silly audit   'napi-build-utils': [ '1.0.2' ],
47 silly audit   negotiator: [ '0.6.3' ],
47 silly audit   'next-tick': [ '1.1.0' ],
47 silly audit   'nice-napi': [ '1.0.2' ],
47 silly audit   'node-abi': [ '3.22.0' ],
47 silly audit   'node-addon-api': [ '3.2.1', '5.0.0' ],
47 silly audit   'node-cache': [ '5.1.2' ],
47 silly audit   'node-domexception': [ '1.0.0' ],
47 silly audit   'node-fzf': [ '0.5.3' ],
47 silly audit   'string-width': [ '2.1.1', '4.2.3' ],
47 silly audit   'strip-ansi': [ '4.0.0', '6.0.1' ],
47 silly audit   'node-gtts': [ '2.0.2' ],
47 silly audit   'node-gyp-build': [ '4.5.0' ],
47 silly audit   'node-tesseract-ocr': [ '2.2.1' ],
47 silly audit   'node-webpmux': [ '3.1.1' ],
47 silly audit   nopt: [ '5.0.0' ],
47 silly audit   'normalize-url': [ '6.1.0' ],
47 silly audit   'npm-run-path': [ '4.0.1' ],
47 silly audit   npmlog: [ '5.0.1' ],
47 silly audit   'nth-check': [ '2.1.1' ],
47 silly audit   'num-or-not': [ '1.0.1' ],
47 silly audit   nwsapi: [ '2.2.1' ],
47 silly audit   'oauth-sign': [ '0.9.0' ],
47 silly audit   'object-assign': [ '4.1.1' ],
47 silly audit   'object-inspect': [ '1.12.2' ],
47 silly audit   omggif: [ '1.0.10' ],
47 silly audit   'on-exit-leak-free': [ '0.2.0' ],
47 silly audit   'on-finished': [ '2.4.1' ],
47 silly audit   once: [ '1.4.0' ],
47 silly audit   onetime: [ '5.1.2' ],
47 silly audit   optionator: [ '0.8.3' ],
47 silly audit   ora: [ '4.1.1' ],
47 silly audit   'p-cancelable': [ '2.1.1' ],
47 silly audit   'p-limit': [ '2.3.0' ],
47 silly audit   'p-locate': [ '4.1.0' ],
47 silly audit   'p-try': [ '2.2.0' ],
47 silly audit   pako: [ '1.0.11' ],
47 silly audit   'parse-bmfont-ascii': [ '1.0.6' ],
47 silly audit   'parse-bmfont-binary': [ '1.0.6' ],
47 silly audit   'parse-bmfont-xml': [ '1.1.4' ],
47 silly audit   'parse-headers': [ '2.0.5' ],
47 silly audit   'parse5-htmlparser2-tree-adapter': [ '7.0.0' ],
47 silly audit   parseurl: [ '1.3.3' ],
47 silly audit   'path-exists': [ '4.0.0' ],
47 silly audit   'path-is-absolute': [ '1.0.1' ],
47 silly audit   'path-key': [ '3.1.1' ],
47 silly audit   'path-to-regexp': [ '0.1.7' ],
47 silly audit   perf_hooks: [ '0.0.1' ],
47 silly audit   'performance-now': [ '2.1.0' ],
47 silly audit   'pet-pet-gif': [ '1.0.9' ],
47 silly audit   phin: [ '2.9.3' ],
47 silly audit   pino: [ '7.11.0' ],
47 silly audit   'pino-abstract-transport': [ '0.5.0' ],
47 silly audit   'pino-pretty': [ '7.6.1' ],
47 silly audit   'pino-std-serializers': [ '4.0.0' ],
47 silly audit   piscina: [ '3.2.0' ],
47 silly audit   pixelmatch: [ '4.0.2' ],
47 silly audit   plist: [ '3.0.6' ],
47 silly audit   pngjs: [ '3.4.0', '5.0.0' ],
47 silly audit   'prebuild-install': [ '7.1.1' ],
47 silly audit   'simple-get': [ '4.0.1', '3.1.1' ],
47 silly audit   'prelude-ls': [ '1.1.2' ],
47 silly audit   process: [ '0.11.10' ],
47 silly audit   'process-nextick-args': [ '2.0.1' ],
47 silly audit   'process-warning': [ '1.0.0' ],
47 silly audit   'proxy-addr': [ '2.0.7' ],
47 silly audit   psl: [ '1.9.0' ],
47 silly audit   pump: [ '3.0.0' ],
47 silly audit   punycode: [ '2.1.1', '1.3.2' ],
47 silly audit   qrcode: [ '1.5.1' ],
47 silly audit   'qrcode-terminal': [ '0.12.0' ],
47 silly audit   y18n: [ '4.0.3', '5.0.8' ],
47 silly audit   yargs: [ '15.4.1', '17.5.1' ],
47 silly audit   'yargs-parser': [ '18.1.3', '21.0.1' ],
47 silly audit   querystring: [ '0.2.0' ],
47 silly audit   queue: [ '6.0.2' ],
47 silly audit   'quick-format-unescaped': [ '4.0.4' ],
47 silly audit   'quick-lru': [ '5.1.1' ],
47 silly audit   'range-parser': [ '1.2.1' ],
47 silly audit   'raw-body': [ '2.5.1' ],
47 silly audit   rc: [ '1.2.8' ],
47 silly audit   'strip-json-comments': [ '2.0.1', '3.1.1' ],
47 silly audit   'safe-buffer': [ '5.1.2', '5.2.1' ],
47 silly audit   'readable-web-to-node-stream': [ '3.0.2' ],
47 silly audit   readline: [ '1.3.0' ],
47 silly audit   'real-require': [ '0.1.0' ],
47 silly audit   redstar: [ '0.0.2' ],
47 silly audit   'regenerator-runtime': [ '0.13.9' ],
47 silly audit   'render-gif': [ '2.0.4' ],
47 silly audit   request: [ '2.88.2' ],
47 silly audit   'tough-cookie': [ '2.5.0', '4.0.0' ],
47 silly audit   'require-directory': [ '2.1.1' ],
47 silly audit   'require-main-filename': [ '2.0.0' ],
47 silly audit   'resolve-alpn': [ '1.2.1' ],
47 silly audit   responselike: [ '2.0.1' ],
47 silly audit   'restore-cursor': [ '3.1.0' ],
47 silly audit   rfdc: [ '1.3.0' ],
47 silly audit   rimraf: [ '3.0.2' ],
47 silly audit   'safe-eval': [ '0.4.1' ],
47 silly audit   'safe-stable-stringify': [ '2.3.1' ],
47 silly audit   'safer-buffer': [ '2.1.2' ],
47 silly audit   saslprep: [ '1.0.3' ],
47 silly audit   sax: [ '1.2.4' ],
47 silly audit   saxes: [ '5.0.1' ],
47 silly audit   'secure-json-parse': [ '2.5.0' ],
47 silly audit   send: [ '0.18.0' ],
47 silly audit   'serve-static': [ '1.15.0' ],
47 silly audit   'set-blocking': [ '2.0.0' ],
47 silly audit   setprototypeof: [ '1.2.0' ],
47 silly audit   sharp: [ '0.30.7' ],
47 silly audit   'shebang-command': [ '2.0.0' ],
47 silly audit   'shebang-regex': [ '3.0.0' ],
47 silly audit   'side-channel': [ '1.0.4' ],
47 silly audit   sift: [ '16.0.0' ],
47 silly audit   'signal-exit': [ '3.0.7' ],
47 silly audit   similarity: [ '1.2.1' ],
47 silly audit   'simple-concat': [ '1.0.1' ],
47 silly audit   'simple-swizzle': [ '0.2.2' ],
47 silly audit   'slice-ansi': [ '4.0.0' ],
47 silly audit   'smart-buffer': [ '4.2.0' ],
47 silly audit   'socket.io': [ '4.5.1' ],
47 silly audit   'socket.io-adapter': [ '2.4.0' ],
47 silly audit   'socket.io-parser': [ '4.0.5' ],
47 silly audit   socks: [ '2.7.0' ],
47 silly audit   'sonic-boom': [ '2.8.0' ],
47 silly audit   'source-map': [ '0.6.1' ],
47 silly audit   'sparse-bitfield': [ '3.0.3' ],
47 silly audit   split2: [ '4.1.0' ],
47 silly audit   'spotify-web-api-node': [ '5.0.2' ],
47 silly audit   sshpk: [ '1.17.0' ],
47 silly audit   statuses: [ '2.0.1' ],
47 silly audit   steno: [ '2.1.0' ],
47 silly audit   'stream-shift': [ '1.0.1' ],
47 silly audit   string_decoder: [ '1.1.1' ],
47 silly audit   'strip-final-newline': [ '2.0.0' ],
47 silly audit   superagent: [ '6.1.0' ],
47 silly audit   'symbol-tree': [ '3.2.4' ],
47 silly audit   'syntax-error': [ '1.4.0' ],
47 silly audit   tar: [ '6.1.11' ],
47 silly audit   'tar-fs': [ '2.1.1' ],
47 silly audit   'tar-stream': [ '2.2.0' ],
47 silly audit   'term-img': [ '6.0.0' ],
47 silly audit   'terminal-image': [ '2.0.0' ],
47 silly audit   'thread-stream': [ '0.15.2' ],
47 silly audit   'timers-ext': [ '0.1.7' ],
47 silly audit   timm: [ '1.7.1' ],
47 silly audit   tinycolor2: [ '1.4.2' ],
47 silly audit   tlds: [ '1.231.0' ],
47 silly audit   toidentifier: [ '1.0.1' ],
47 silly audit   'translate-google': [ '1.5.0' ],
47 silly audit   trim: [ '0.0.1' ],
47 silly audit   tslib: [ '2.4.0' ],
47 silly audit   ttys: [ '0.0.3' ],
47 silly audit   'tunnel-agent': [ '0.6.0' ],
47 silly audit   tweetnacl: [ '0.14.5' ],
47 silly audit   'type-check': [ '0.3.2' ],
47 silly audit   'type-is': [ '1.6.18' ],
47 silly audit   'typedarray-to-buffer': [ '3.1.5' ],
47 silly audit   typical: [ '4.0.0' ],
47 silly audit   underscore: [ '1.13.4' ],
47 silly audit   'underscore-keypath': [ '0.0.22' ],
47 silly audit   'unique-string': [ '3.0.0' ],
47 silly audit   unpipe: [ '1.0.0' ],
47 silly audit   'uri-js': [ '4.4.1' ],
47 silly audit   url: [ '0.11.0' ],
47 silly audit   'url-regex': [ '5.0.0' ],
47 silly audit   'url-regex-safe': [ '3.0.0' ],
47 silly audit   'user-agents': [ '1.0.1093' ],
47 silly audit   utif: [ '2.0.1' ],
47 silly audit   'util-deprecate': [ '1.0.2' ],
47 silly audit   'utils-merge': [ '1.0.1' ],
47 silly audit   uuid: [ '3.4.0' ],
47 silly audit   vary: [ '1.1.2' ],
47 silly audit   verror: [ '1.10.0' ],
47 silly audit   'w3c-hr-time': [ '1.0.2' ],
47 silly audit   'wa-sticker-formatter': [ '4.3.2' ],
47 silly audit   wcwidth: [ '1.0.1' ],
47 silly audit   'which-module': [ '2.0.0' ],
47 silly audit   'wide-align': [ '1.1.5' ],
47 silly audit   'window-size': [ '1.1.1' ],
47 silly audit   'word-wrap': [ '1.2.3' ],
47 silly audit   wrappy: [ '1.0.2' ],
47 silly audit   'write-file-atomic': [ '3.0.3' ],
47 silly audit   'xdg-basedir': [ '5.1.0' ],
47 silly audit   xhr: [ '2.6.0' ],
47 silly audit   'xml-parse-from-string': [ '1.0.1' ],
47 silly audit   xml2js: [ '0.4.23' ],
47 silly audit   xmlbuilder: [ '11.0.1', '15.1.1' ],
47 silly audit   xmlchars: [ '2.2.0' ],
47 silly audit   xtend: [ '4.0.2' ],
47 silly audit   yallist: [ '4.0.0' ],
47 silly audit   'yt-search': [ '2.10.3' ],
47 silly audit   zod: [ '3.17.10' ]
47 silly audit }
48 verbose reify failed optional dependency /home/container/node_modules/@napi-rs/canvas-win32-x64-msvc
49 silly reify mark deleted [ '/home/container/node_modules/@napi-rs/canvas-win32-x64-msvc' ]
50 verbose reify failed optional dependency /home/container/node_modules/@napi-rs/canvas-linux-arm64-musl
51 silly reify mark deleted [ '/home/container/node_modules/@napi-rs/canvas-linux-arm64-musl' ]
52 verbose reify failed optional dependency /home/container/node_modules/@napi-rs/canvas-linux-arm64-gnu
53 silly reify mark deleted [ '/home/container/node_modules/@napi-rs/canvas-linux-arm64-gnu' ]
54 verbose reify failed optional dependency /home/container/node_modules/@napi-rs/canvas-linux-arm-gnueabihf
55 silly reify mark deleted [ '/home/container/node_modules/@napi-rs/canvas-linux-arm-gnueabihf' ]
56 verbose reify failed optional dependency /home/container/node_modules/@napi-rs/canvas-darwin-x64
57 silly reify mark deleted [ '/home/container/node_modules/@napi-rs/canvas-darwin-x64' ]
58 verbose reify failed optional dependency /home/container/node_modules/@napi-rs/canvas-darwin-arm64
59 silly reify mark deleted [ '/home/container/node_modules/@napi-rs/canvas-darwin-arm64' ]
60 verbose reify failed optional dependency /home/container/node_modules/@napi-rs/canvas-android-arm64
61 silly reify mark deleted [ '/home/container/node_modules/@napi-rs/canvas-android-arm64' ]
62 timing reifyNode:node_modules/@napi-rs/canvas-win32-x64-msvc Completed in 50ms
63 timing reifyNode:node_modules/@napi-rs/canvas-linux-arm64-musl Completed in 50ms
64 timing reifyNode:node_modules/@napi-rs/canvas-linux-arm64-gnu Completed in 49ms
65 timing reifyNode:node_modules/@napi-rs/canvas-linux-arm-gnueabihf Completed in 49ms
66 timing reifyNode:node_modules/@napi-rs/canvas-darwin-x64 Completed in 49ms
67 timing reifyNode:node_modules/@napi-rs/canvas-darwin-arm64 Completed in 49ms
68 timing reifyNode:node_modules/@napi-rs/canvas-android-arm64 Completed in 49ms
69 timing reifyNode:node_modules/@napi-rs/canvas-linux-x64-musl Completed in 301ms
70 timing reify:unpack Completed in 302ms
71 timing reify:unretire Completed in 1ms
72 timing build:queue Completed in 2ms
73 info run @napi-rs/canvas-linux-x64-musl@0.1.25 install node_modules/@napi-rs/canvas-linux-x64-musl node install.js
74 info run @napi-rs/canvas-linux-x64-musl@0.1.25 install { code: 1, signal: null }
75 verbose reify failed optional dependency /home/container/node_modules/@napi-rs/canvas-linux-x64-musl
76 silly reify mark deleted [ '/home/container/node_modules/@napi-rs/canvas-linux-x64-musl' ]
77 timing build:run:install:node_modules/@napi-rs/canvas-linux-x64-musl Completed in 69ms
78 timing build:run:install Completed in 69ms
79 timing build:deps Completed in 71ms
80 timing build Completed in 71ms
81 timing reify:build Completed in 72ms
82 timing reify:trash Completed in 5ms
83 http fetch POST 200 https://registry.npmjs.org/-/npm/v1/security/advisories/bulk 615ms
84 timing auditReport:getReport Completed in 628ms
85 silly audit report {
85 silly audit report   'engine.io': [
85 silly audit report     {
85 silly audit report       id: 1085164,
85 silly audit report       url: 'https://github.com/advisories/GHSA-r7qp-cfhv-p84w',
85 silly audit report       title: 'Uncaught exception in engine.io',
85 silly audit report       severity: 'moderate',
85 silly audit report       vulnerable_versions: '>=4.0.0 <6.2.1',
85 silly audit report       cwe: [Array],
85 silly audit report       cvss: [Object]
85 silly audit report     }
85 silly audit report   ],
85 silly audit report   'jpeg-js': [
85 silly audit report     {
85 silly audit report       id: 1075625,
85 silly audit report       url: 'https://github.com/advisories/GHSA-xvf7-4v9q-58w6',
85 silly audit report       title: 'Infinite loop in jpeg-js',
85 silly audit report       severity: 'high',
85 silly audit report       vulnerable_versions: '<0.4.4',
85 silly audit report       cwe: [Array],
85 silly audit report       cvss: [Object]
85 silly audit report     }
85 silly audit report   ],
85 silly audit report   'moment-timezone': [
85 silly audit report     {
85 silly audit report       id: 1084253,
85 silly audit report       url: 'https://github.com/advisories/GHSA-56x4-j7p9-fcf9',
85 silly audit report       title: 'Command Injection in moment-timezone',
85 silly audit report       severity: 'low',
85 silly audit report       vulnerable_versions: '>=0.1.0 <0.5.35',
85 silly audit report       cwe: [],
85 silly audit report       cvss: [Object]
85 silly audit report     },
85 silly audit report     {
85 silly audit report       id: 1084254,
85 silly audit report       url: 'https://github.com/advisories/GHSA-v78c-4p63-2j6c',
85 silly audit report       title: 'Cleartext Transmission of Sensitive Information in moment-timezone',
85 silly audit report       severity: 'moderate',
85 silly audit report       vulnerable_versions: '>=0.1.0 <0.5.35',
85 silly audit report       cwe: [Array],
85 silly audit report       cvss: [Object]
85 silly audit report     }
85 silly audit report   ],
85 silly audit report   'safe-eval': [
85 silly audit report     {
85 silly audit report       id: 1082532,
85 silly audit report       url: 'https://github.com/advisories/GHSA-9pcf-h8q9-63f6',
85 silly audit report       title: 'Sandbox Breakout / Arbitrary Code Execution in safe-eval',
85 silly audit report       severity: 'high',
85 silly audit report       vulnerable_versions: '>=0.0.0',
85 silly audit report       cwe: [],
85 silly audit report       cvss: [Object]
85 silly audit report     },
85 silly audit report     {
85 silly audit report       id: 1082853,
85 silly audit report       url: 'https://github.com/advisories/GHSA-hrpq-r399-whgw',
85 silly audit report       title: 'Sandbox Breakout / Arbitrary Code Execution in safe-eval',
85 silly audit report       severity: 'critical',
85 silly audit report       vulnerable_versions: '<=0.4.1',
85 silly audit report       cwe: [Array],
85 silly audit report       cvss: [Object]
85 silly audit report     }
85 silly audit report   ],
85 silly audit report   trim: [
85 silly audit report     {
85 silly audit report       id: 1070259,
85 silly audit report       url: 'https://github.com/advisories/GHSA-w5p7-h5w8-2hfq',
85 silly audit report       title: 'Regular Expression Denial of Service in trim',
85 silly audit report       severity: 'high',
85 silly audit report       vulnerable_versions: '<0.0.3',
85 silly audit report       cwe: [Array],
85 silly audit report       cvss: [Object]
85 silly audit report     }
85 silly audit report   ],
85 silly audit report   'url-regex': [
85 silly audit report     {
85 silly audit report       id: 1069365,
85 silly audit report       url: 'https://github.com/advisories/GHSA-v4rh-8p82-6h5w',
85 silly audit report       title: 'Regular expression denial of service in url-regex',
85 silly audit report       severity: 'high',
85 silly audit report       vulnerable_versions: '<=5.0.0',
85 silly audit report       cwe: [Array],
85 silly audit report       cvss: [Object]
85 silly audit report     }
85 silly audit report   ]
85 silly audit report }
86 timing reify:save Completed in 238ms
87 timing metavuln:cache:get:security-advisory:engine.io:eWOSSfoip58mG1TNkS3MMq/LZHwQHmVPn/TKXtyR3O4x/ffxvtoBqzGhCiH3BI9hrYBaFrflMMdp93OeDTIXNw== Completed in 115ms
88 timing metavuln:cache:get:security-advisory:jpeg-js:l7EZzFwRSuAHDc2oAXy38TevUk3/A6abdGY7hE51kN1nB0s24IxmjU2+FW4dOUW/cEmdWMXb9z5luSYBkJrulw== Completed in 114ms
89 timing metavuln:cache:get:security-advisory:moment-timezone:xgIIK9a6p++H2BBkK/X/yh1VIeLSVriaB+EiZd95y+zPdQ2yRsQLM4mVWFCRE0JMsujeHAXeIS0LNKSc71DlYw== Completed in 114ms
90 timing metavuln:cache:get:security-advisory:moment-timezone:1Kv0o2LTVcP3BPzSjgyG34QAmxaGQGBeuKzGDrllGX9StWpvs/x1ed3JjiGcfIccIeG5V2SS5XlISxA55ymv4A== Completed in 113ms
91 timing metavuln:cache:get:security-advisory:safe-eval:SOR+wvbzUaNq7Rh2N6AZaEyb5Xhzdj/cBNg7d30adpZrfRwxMDBjEiu6mUsy8cjATFWAzr59qvlaUzqlaOB45Q== Completed in 114ms
92 timing metavuln:cache:get:security-advisory:safe-eval:shsO0NfnWYb+48cZZuTe8acrmILr27Jnx4S2ClOobS5Fka5wP05J4kQQgYQKiN3/4hw2vcyzils1dgunVT9meA== Completed in 114ms
93 timing metavuln:cache:get:security-advisory:trim:4dW2LveomrMg5KapPeHD0MLKFDN6LSwHuP3Lyq8fyBd+QyHGMqoqnjj+effUNG/F0QV84gmSB+WBjnMBomTxyQ== Completed in 113ms
94 timing metavuln:cache:get:security-advisory:url-regex:JuqsY7kbIIJCJr7J9ZHgX4zCYpe12QvZJJherJc4xKYz1K/sRiX5bKHRkADtcaCwixniHsNGpq8r7RIgQV6H0Q== Completed in 113ms
95 http fetch GET 200 https://registry.npmjs.org/engine.io 124ms (cache hit)
96 timing metavuln:packument:engine.io Completed in 126ms
97 timing metavuln:load:security-advisory:engine.io:1085164 Completed in 1ms
98 timing metavuln:calculate:security-advisory:engine.io:1085164 Completed in 128ms
99 http fetch GET 200 https://registry.npmjs.org/jpeg-js 127ms (cache hit)
100 timing metavuln:packument:jpeg-js Completed in 127ms
101 timing metavuln:load:security-advisory:jpeg-js:1075625 Completed in 0ms
102 timing metavuln:calculate:security-advisory:jpeg-js:1075625 Completed in 127ms
103 http fetch GET 200 https://registry.npmjs.org/moment-timezone 127ms (cache hit)
104 timing metavuln:packument:moment-timezone Completed in 127ms
105 timing metavuln:load:security-advisory:moment-timezone:1084253 Completed in 1ms
106 timing metavuln:calculate:security-advisory:moment-timezone:1084253 Completed in 129ms
107 timing metavuln:load:security-advisory:moment-timezone:1084254 Completed in 0ms
108 timing metavuln:calculate:security-advisory:moment-timezone:1084254 Completed in 128ms
109 http fetch GET 200 https://registry.npmjs.org/safe-eval 128ms (cache hit)
110 timing metavuln:packument:safe-eval Completed in 128ms
111 timing metavuln:load:security-advisory:safe-eval:1082532 Completed in 0ms
112 timing metavuln:calculate:security-advisory:safe-eval:1082532 Completed in 129ms
113 timing metavuln:load:security-advisory:safe-eval:1082853 Completed in 0ms
114 timing metavuln:calculate:security-advisory:safe-eval:1082853 Completed in 129ms
115 http fetch GET 200 https://registry.npmjs.org/trim 128ms (cache hit)
116 timing metavuln:packument:trim Completed in 128ms
117 timing metavuln:load:security-advisory:trim:1070259 Completed in 0ms
118 timing metavuln:calculate:security-advisory:trim:1070259 Completed in 128ms
119 http fetch GET 200 https://registry.npmjs.org/url-regex 128ms (cache hit)
120 timing metavuln:packument:url-regex Completed in 129ms
121 timing metavuln:load:security-advisory:url-regex:1069365 Completed in 0ms
122 timing metavuln:calculate:security-advisory:url-regex:1069365 Completed in 129ms
123 timing metavuln:cache:get:security-advisory:socket.io:vaRyRTwvVERVHB1W5C4ZHKTsx3uTa0TV3a73Jr1K2exVyNSt1+xZB9sdWopgGor5HduOFTEa1obJ102TrOs9TA== Completed in 2ms
124 http fetch GET 200 https://registry.npmjs.org/socket.io 4ms (cache hit)
125 timing metavuln:packument:socket.io Completed in 5ms
126 timing metavuln:load:security-advisory:socket.io:eWOSSfoip58mG1TNkS3MMq/LZHwQHmVPn/TKXtyR3O4x/ffxvtoBqzGhCiH3BI9hrYBaFrflMMdp93OeDTIXNw== Completed in 1ms
127 timing metavuln:calculate:security-advisory:socket.io:eWOSSfoip58mG1TNkS3MMq/LZHwQHmVPn/TKXtyR3O4x/ffxvtoBqzGhCiH3BI9hrYBaFrflMMdp93OeDTIXNw== Completed in 7ms
128 timing metavuln:cache:get:security-advisory:@jimp/jpeg:hyibiGbnVbMVQZKfp4ZzVsYmQQpEG858L02t1PZZMllAlUGFgHtntYRbPj+L/pT7FOfD2CG8IxG+vJPplSz0iQ== Completed in 3ms
129 http fetch GET 200 https://registry.npmjs.org/@jimp%2fjpeg 4ms (cache hit)
130 timing metavuln:packument:@jimp/jpeg Completed in 5ms
131 timing metavuln:load:security-advisory:@jimp/jpeg:l7EZzFwRSuAHDc2oAXy38TevUk3/A6abdGY7hE51kN1nB0s24IxmjU2+FW4dOUW/cEmdWMXb9z5luSYBkJrulw== Completed in 2ms
132 timing metavuln:calculate:security-advisory:@jimp/jpeg:l7EZzFwRSuAHDc2oAXy38TevUk3/A6abdGY7hE51kN1nB0s24IxmjU2+FW4dOUW/cEmdWMXb9z5luSYBkJrulw== Completed in 8ms
133 timing metavuln:cache:get:security-advisory:translate-google:vvoN1UU5PXe/LRTSJQRVfIIwzYlx4DyFpzZ2Ex3dZ2HRzlKCsQqn4sKqMN5ZLrVdPL6IYc4MU24M/Vxqtj/26w== Completed in 2ms
134 http fetch GET 200 https://registry.npmjs.org/translate-google 4ms (cache hit)
135 timing metavuln:packument:translate-google Completed in 6ms
136 timing metavuln:load:security-advisory:translate-google:SOR+wvbzUaNq7Rh2N6AZaEyb5Xhzdj/cBNg7d30adpZrfRwxMDBjEiu6mUsy8cjATFWAzr59qvlaUzqlaOB45Q== Completed in 0ms
137 timing metavuln:calculate:security-advisory:translate-google:SOR+wvbzUaNq7Rh2N6AZaEyb5Xhzdj/cBNg7d30adpZrfRwxMDBjEiu6mUsy8cjATFWAzr59qvlaUzqlaOB45Q== Completed in 6ms
138 timing metavuln:cache:get:security-advisory:num-or-not:bxemUrLrbK/k4DRldO+bnMvnt9uZc3Vsw7IUS2VafVpb4p6bQGGzUyynMSK9xQSL1DLRC1Emg5nEjmI7G34yYQ== Completed in 2ms
139 http fetch GET 200 https://registry.npmjs.org/num-or-not 4ms (cache hit)
140 timing metavuln:packument:num-or-not Completed in 4ms
141 timing metavuln:load:security-advisory:num-or-not:4dW2LveomrMg5KapPeHD0MLKFDN6LSwHuP3Lyq8fyBd+QyHGMqoqnjj+effUNG/F0QV84gmSB+WBjnMBomTxyQ== Completed in 0ms
142 timing metavuln:calculate:security-advisory:num-or-not:4dW2LveomrMg5KapPeHD0MLKFDN6LSwHuP3Lyq8fyBd+QyHGMqoqnjj+effUNG/F0QV84gmSB+WBjnMBomTxyQ== Completed in 5ms
143 timing metavuln:cache:get:security-advisory:@jimp/types:7Jv/0T6NLozH9QOOLxU4xs4TnjDJYHDIQTyalZHwFuY4MJPCN+/SEwFy7BlwqhXAOCewTSE+j/LNMFAGRxWGHQ== Completed in 2ms
144 http fetch GET 200 https://registry.npmjs.org/@jimp%2ftypes 5ms (cache hit)
145 timing metavuln:packument:@jimp/types Completed in 6ms
146 timing metavuln:load:security-advisory:@jimp/types:hyibiGbnVbMVQZKfp4ZzVsYmQQpEG858L02t1PZZMllAlUGFgHtntYRbPj+L/pT7FOfD2CG8IxG+vJPplSz0iQ== Completed in 12ms
147 timing metavuln:calculate:security-advisory:@jimp/types:hyibiGbnVbMVQZKfp4ZzVsYmQQpEG858L02t1PZZMllAlUGFgHtntYRbPj+L/pT7FOfD2CG8IxG+vJPplSz0iQ== Completed in 18ms
148 timing metavuln:cache:get:security-advisory:translate-google:0ddNCpMoDu+Nss5WXghGloSHB3Y7OzD3s/mEdAeUYdFBIFOkqz3ZUQ3SoRsCADejzTbOxRycnKSCEI4aLgw5LA== Completed in 1ms
149 timing metavuln:load:security-advisory:translate-google:bxemUrLrbK/k4DRldO+bnMvnt9uZc3Vsw7IUS2VafVpb4p6bQGGzUyynMSK9xQSL1DLRC1Emg5nEjmI7G34yYQ== Completed in 0ms
150 timing metavuln:calculate:security-advisory:translate-google:bxemUrLrbK/k4DRldO+bnMvnt9uZc3Vsw7IUS2VafVpb4p6bQGGzUyynMSK9xQSL1DLRC1Emg5nEjmI7G34yYQ== Completed in 1ms
151 timing auditReport:init Completed in 186ms
152 timing reify:audit Completed in 815ms
153 timing reify Completed in 2044ms
154 silly ADD
155 silly ADD
156 silly ADD
157 silly ADD
158 silly ADD
159 silly ADD
160 silly ADD
161 silly ADD
162 timing command:install Completed in 2068ms
163 verbose exit 0
164 timing npm Completed in 2120ms
165 info ok
